{"type":"console_error","session":"admin","route":"/admin/dashboard","text":"Loading the stylesheet 'https://api.fontshare.com/v2/css?f[]=general-sans@400,500,600,700&display=swap' violates the following Content Security Policy directive: \"style-src 'self' 'unsafe-inline' https://fonts.googleapis.com\". Note that 'style-src-elem' was not explicitly set, so 'style-src' is use…"}
{"type":"request_failed","session":"admin","route":"/admin/dashboard","method":"GET","url":"https://api.fontshare.com/v2/css?f[]=general-sans@400,500,600,700&display=swap","text":"csp"}
{"type":"console_error","session":"admin","route":"/admin/dashboard","text":"Failed to load resource: the server responded with a status of 408 (Offline)"}
{"type":"request_failed","session":"admin","route":"/admin/dashboard","method":"GET","url":"https://fonts.gstatic.com/s/jetbrainsmono/v24/tDbv2o-flEEny0FZhsfKu5WU4zr3E_BX0PnT8RD8yKwBNntkaToggR7BYRbKPxDcwgknk-4.woff2","text":"net::ERR_ABORTED"}
{"type":"console_error","session":"admin","route":"/admin/dashboard","text":"Loading the stylesheet 'https://api.fontshare.com/v2/css?f[]=general-sans@400,500,600,700&display=swap' violates the following Content Security Policy directive: \"style-src 'self' 'unsafe-inline' https://fonts.googleapis.com\". Note that 'style-src-elem' was not explicitly set, so 'style-src' is use…"}
{"type":"request_failed","session":"admin","route":"/admin/dashboard","method":"GET","url":"https://api.fontshare.com/v2/css?f[]=general-sans@400,500,600,700&display=swap","text":"csp"}
{"type":"console_error","session":"admin","route":"/admin/dashboard","text":"Loading the stylesheet 'https://api.fontshare.com/v2/css?f[]=general-sans@400,500,600,700&display=swap' violates the following Content Security Policy directive: \"style-src 'self' 'unsafe-inline' https://fonts.googleapis.com\". Note that 'style-src-elem' was not explicitly set, so 'style-src' is use…"}
{"type":"request_failed","session":"admin","route":"/admin/dashboard","method":"GET","url":"https://api.fontshare.com/v2/css?f[]=general-sans@400,500,600,700&display=swap","text":"csp"}
{"type":"console_error","session":"admin","route":"/admin/dashboard","text":"Loading the stylesheet 'https://api.fontshare.com/v2/css?f[]=general-sans@400,500,600,700&display=swap' violates the following Content Security Policy directive: \"style-src 'self' 'unsafe-inline' https://fonts.googleapis.com\". Note that 'style-src-elem' was not explicitly set, so 'style-src' is use…"}
{"type":"request_failed","session":"admin","route":"/admin/dashboard","method":"GET","url":"https://api.fontshare.com/v2/css?f[]=general-sans@400,500,600,700&display=swap","text":"csp"}
{"type":"http_error","session":"admin","route":"/admin/dashboard","status":400,"url":"https://rumdmulxzmjtsplsjngi.supabase.co/auth/v1/token?grant_type=password"}
{"type":"console_error","session":"admin","route":"/admin/dashboard","text":"Failed to load resource: the server responded with a status of 400 ()"}
{"type":"console_error","session":"admin","route":"/admin/brands","text":"Loading the stylesheet 'https://api.fontshare.com/v2/css?f[]=general-sans@400,500,600,700&display=swap' violates the following Content Security Policy directive: \"style-src 'self' 'unsafe-inline' https://fonts.googleapis.com\". Note that 'style-src-elem' was not explicitly set, so 'style-src' is use…"}
{"type":"request_failed","session":"admin","route":"/admin/brands","method":"GET","url":"https://api.fontshare.com/v2/css?f[]=general-sans@400,500,600,700&display=swap","text":"csp"}
{"type":"console_error","session":"admin","route":"/admin/brands","text":"Failed to load resource: the server responded with a status of 408 (Offline)"}
{"type":"request_failed","session":"admin","route":"/admin/brands","method":"GET","url":"https://fonts.gstatic.com/s/jetbrainsmono/v24/tDbv2o-flEEny0FZhsfKu5WU4zr3E_BX0PnT8RD8yKwBNntkaToggR7BYRbKPxDcwgknk-4.woff2","text":"net::ERR_ABORTED"}
{"type":"console_error","session":"admin","route":"/admin/brands","text":"Loading the stylesheet 'https://api.fontshare.com/v2/css?f[]=general-sans@400,500,600,700&display=swap' violates the following Content Security Policy directive: \"style-src 'self' 'unsafe-inline' https://fonts.googleapis.com\". Note that 'style-src-elem' was not explicitly set, so 'style-src' is use…"}
{"type":"request_failed","session":"admin","route":"/admin/brands","method":"GET","url":"https://api.fontshare.com/v2/css?f[]=general-sans@400,500,600,700&display=swap","text":"csp"}
{"type":"console_error","session":"admin","route":"/admin/brands","text":"Loading the stylesheet 'https://api.fontshare.com/v2/css?f[]=general-sans@400,500,600,700&display=swap' violates the following Content Security Policy directive: \"style-src 'self' 'unsafe-inline' https://fonts.googleapis.com\". Note that 'style-src-elem' was not explicitly set, so 'style-src' is use…"}
{"type":"request_failed","session":"admin","route":"/admin/brands","method":"GET","url":"https://api.fontshare.com/v2/css?f[]=general-sans@400,500,600,700&display=swap","text":"csp"}
{"type":"console_error","session":"admin","route":"/admin/brands","text":"Loading the stylesheet 'https://api.fontshare.com/v2/css?f[]=general-sans@400,500,600,700&display=swap' violates the following Content Security Policy directive: \"style-src 'self' 'unsafe-inline' https://fonts.googleapis.com\". Note that 'style-src-elem' was not explicitly set, so 'style-src' is use…"}
{"type":"request_failed","session":"admin","route":"/admin/brands","method":"GET","url":"https://api.fontshare.com/v2/css?f[]=general-sans@400,500,600,700&display=swap","text":"csp"}
{"type":"http_error","session":"admin","route":"/admin/brands","status":400,"url":"https://rumdmulxzmjtsplsjngi.supabase.co/auth/v1/token?grant_type=password"}
{"type":"console_error","session":"admin","route":"/admin/brands","text":"Failed to load resource: the server responded with a status of 400 ()"}
{"type":"console_error","session":"admin","route":"/admin/orders","text":"Loading the stylesheet 'https://api.fontshare.com/v2/css?f[]=general-sans@400,500,600,700&display=swap' violates the following Content Security Policy directive: \"style-src 'self' 'unsafe-inline' https://fonts.googleapis.com\". Note that 'style-src-elem' was not explicitly set, so 'style-src' is use…"}
{"type":"request_failed","session":"admin","route":"/admin/orders","method":"GET","url":"https://api.fontshare.com/v2/css?f[]=general-sans@400,500,600,700&display=swap","text":"csp"}
{"type":"console_error","session":"admin","route":"/admin/orders","text":"Failed to load resource: the server responded with a status of 408 (Offline)"}
{"type":"request_failed","session":"admin","route":"/admin/orders","method":"GET","url":"https://fonts.gstatic.com/s/jetbrainsmono/v24/tDbv2o-flEEny0FZhsfKu5WU4zr3E_BX0PnT8RD8yKwBNntkaToggR7BYRbKPxDcwgknk-4.woff2","text":"net::ERR_ABORTED"}
{"type":"console_error","session":"admin","route":"/admin/orders","text":"Loading the stylesheet 'https://api.fontshare.com/v2/css?f[]=general-sans@400,500,600,700&display=swap' violates the following Content Security Policy directive: \"style-src 'self' 'unsafe-inline' https://fonts.googleapis.com\". Note that 'style-src-elem' was not explicitly set, so 'style-src' is use…"}
{"type":"request_failed","session":"admin","route":"/admin/orders","method":"GET","url":"https://api.fontshare.com/v2/css?f[]=general-sans@400,500,600,700&display=swap","text":"csp"}
{"type":"console_error","session":"admin","route":"/admin/orders","text":"Loading the stylesheet 'https://api.fontshare.com/v2/css?f[]=general-sans@400,500,600,700&display=swap' violates the following Content Security Policy directive: \"style-src 'self' 'unsafe-inline' https://fonts.googleapis.com\". Note that 'style-src-elem' was not explicitly set, so 'style-src' is use…"}
{"type":"request_failed","session":"admin","route":"/admin/orders","method":"GET","url":"https://api.fontshare.com/v2/css?f[]=general-sans@400,500,600,700&display=swap","text":"csp"}
{"type":"console_error","session":"admin","route":"/admin/orders","text":"Loading the stylesheet 'https://api.fontshare.com/v2/css?f[]=general-sans@400,500,600,700&display=swap' violates the following Content Security Policy directive: \"style-src 'self' 'unsafe-inline' https://fonts.googleapis.com\". Note that 'style-src-elem' was not explicitly set, so 'style-src' is use…"}
{"type":"request_failed","session":"admin","route":"/admin/orders","method":"GET","url":"https://api.fontshare.com/v2/css?f[]=general-sans@400,500,600,700&display=swap","text":"csp"}
{"type":"http_error","session":"admin","route":"/admin/orders","status":400,"url":"https://rumdmulxzmjtsplsjngi.supabase.co/auth/v1/token?grant_type=password"}
{"type":"console_error","session":"admin","route":"/admin/orders","text":"Failed to load resource: the server responded with a status of 400 ()"}
{"type":"console_error","session":"admin","route":"/admin/market-signals","text":"Loading the stylesheet 'https://api.fontshare.com/v2/css?f[]=general-sans@400,500,600,700&display=swap' violates the following Content Security Policy directive: \"style-src 'self' 'unsafe-inline' https://fonts.googleapis.com\". Note that 'style-src-elem' was not explicitly set, so 'style-src' is use…"}
{"type":"request_failed","session":"admin","route":"/admin/market-signals","method":"GET","url":"https://api.fontshare.com/v2/css?f[]=general-sans@400,500,600,700&display=swap","text":"csp"}
{"type":"console_error","session":"admin","route":"/admin/market-signals","text":"Failed to load resource: the server responded with a status of 408 (Offline)"}
{"type":"request_failed","session":"admin","route":"/admin/market-signals","method":"GET","url":"https://fonts.gstatic.com/s/jetbrainsmono/v24/tDbv2o-flEEny0FZhsfKu5WU4zr3E_BX0PnT8RD8yKwBNntkaToggR7BYRbKPxDcwgknk-4.woff2","text":"net::ERR_ABORTED"}
{"type":"console_error","session":"admin","route":"/admin/market-signals","text":"Loading the stylesheet 'https://api.fontshare.com/v2/css?f[]=general-sans@400,500,600,700&display=swap' violates the following Content Security Policy directive: \"style-src 'self' 'unsafe-inline' https://fonts.googleapis.com\". Note that 'style-src-elem' was not explicitly set, so 'style-src' is use…"}
{"type":"request_failed","session":"admin","route":"/admin/market-signals","method":"GET","url":"https://api.fontshare.com/v2/css?f[]=general-sans@400,500,600,700&display=swap","text":"csp"}
{"type":"console_error","session":"admin","route":"/admin/market-signals","text":"Loading the stylesheet 'https://api.fontshare.com/v2/css?f[]=general-sans@400,500,600,700&display=swap' violates the following Content Security Policy directive: \"style-src 'self' 'unsafe-inline' https://fonts.googleapis.com\". Note that 'style-src-elem' was not explicitly set, so 'style-src' is use…"}
{"type":"request_failed","session":"admin","route":"/admin/market-signals","method":"GET","url":"https://api.fontshare.com/v2/css?f[]=general-sans@400,500,600,700&display=swap","text":"csp"}
{"type":"console_error","session":"admin","route":"/admin/market-signals","text":"Loading the stylesheet 'https://api.fontshare.com/v2/css?f[]=general-sans@400,500,600,700&display=swap' violates the following Content Security Policy directive: \"style-src 'self' 'unsafe-inline' https://fonts.googleapis.com\". Note that 'style-src-elem' was not explicitly set, so 'style-src' is use…"}
{"type":"request_failed","session":"admin","route":"/admin/market-signals","method":"GET","url":"https://api.fontshare.com/v2/css?f[]=general-sans@400,500,600,700&display=swap","text":"csp"}
{"type":"console_error","session":"admin","route":"/admin/market-signals","text":"Loading the stylesheet 'https://api.fontshare.com/v2/css?f[]=general-sans@400,500,600,700&display=swap' violates the following Content Security Policy directive: \"style-src 'self' 'unsafe-inline' https://fonts.googleapis.com\". Note that 'style-src-elem' was not explicitly set, so 'style-src' is use…"}
{"type":"request_failed","session":"admin","route":"/admin/market-signals","method":"GET","url":"https://api.fontshare.com/v2/css?f[]=general-sans@400,500,600,700&display=swap","text":"csp"}
{"type":"http_error","session":"admin","route":"/admin/market-signals","status":400,"url":"https://rumdmulxzmjtsplsjngi.supabase.co/auth/v1/token?grant_type=password"}
{"type":"console_error","session":"admin","route":"/admin/market-signals","text":"Failed to load resource: the server responded with a status of 400 ()"}
{"type":"console_error","session":"admin","route":"/admin/intelligence","text":"Loading the stylesheet 'https://api.fontshare.com/v2/css?f[]=general-sans@400,500,600,700&display=swap' violates the following Content Security Policy directive: \"style-src 'self' 'unsafe-inline' https://fonts.googleapis.com\". Note that 'style-src-elem' was not explicitly set, so 'style-src' is use…"}
{"type":"request_failed","session":"admin","route":"/admin/intelligence","method":"GET","url":"https://api.fontshare.com/v2/css?f[]=general-sans@400,500,600,700&display=swap","text":"csp"}
{"type":"console_error","session":"admin","route":"/admin/intelligence","text":"Failed to load resource: the server responded with a status of 408 (Offline)"}
{"type":"request_failed","session":"admin","route":"/admin/intelligence","method":"GET","url":"https://fonts.gstatic.com/s/jetbrainsmono/v24/tDbv2o-flEEny0FZhsfKu5WU4zr3E_BX0PnT8RD8yKwBNntkaToggR7BYRbKPxDcwgknk-4.woff2","text":"net::ERR_ABORTED"}
{"type":"console_error","session":"admin","route":"/admin/intelligence","text":"Loading the stylesheet 'https://api.fontshare.com/v2/css?f[]=general-sans@400,500,600,700&display=swap' violates the following Content Security Policy directive: \"style-src 'self' 'unsafe-inline' https://fonts.googleapis.com\". Note that 'style-src-elem' was not explicitly set, so 'style-src' is use…"}
{"type":"request_failed","session":"admin","route":"/admin/intelligence","method":"GET","url":"https://api.fontshare.com/v2/css?f[]=general-sans@400,500,600,700&display=swap","text":"csp"}
{"type":"console_error","session":"admin","route":"/admin/intelligence","text":"Loading the stylesheet 'https://api.fontshare.com/v2/css?f[]=general-sans@400,500,600,700&display=swap' violates the following Content Security Policy directive: \"style-src 'self' 'unsafe-inline' https://fonts.googleapis.com\". Note that 'style-src-elem' was not explicitly set, so 'style-src' is use…"}
{"type":"request_failed","session":"admin","route":"/admin/intelligence","method":"GET","url":"https://api.fontshare.com/v2/css?f[]=general-sans@400,500,600,700&display=swap","text":"csp"}
{"type":"console_error","session":"admin","route":"/admin/intelligence","text":"Loading the stylesheet 'https://api.fontshare.com/v2/css?f[]=general-sans@400,500,600,700&display=swap' violates the following Content Security Policy directive: \"style-src 'self' 'unsafe-inline' https://fonts.googleapis.com\". Note that 'style-src-elem' was not explicitly set, so 'style-src' is use…"}
{"type":"request_failed","session":"admin","route":"/admin/intelligence","method":"GET","url":"https://api.fontshare.com/v2/css?f[]=general-sans@400,500,600,700&display=swap","text":"csp"}
{"type":"http_error","session":"admin","route":"/admin/intelligence","status":400,"url":"https://rumdmulxzmjtsplsjngi.supabase.co/auth/v1/token?grant_type=password"}
{"type":"console_error","session":"admin","route":"/admin/intelligence","text":"Failed to load resource: the server responded with a status of 400 ()"}
{"type":"console_error","session":"admin","route":"/admin/crm","text":"Loading the stylesheet 'https://api.fontshare.com/v2/css?f[]=general-sans@400,500,600,700&display=swap' violates the following Content Security Policy directive: \"style-src 'self' 'unsafe-inline' https://fonts.googleapis.com\". Note that 'style-src-elem' was not explicitly set, so 'style-src' is use…"}
{"type":"request_failed","session":"admin","route":"/admin/crm","method":"GET","url":"https://api.fontshare.com/v2/css?f[]=general-sans@400,500,600,700&display=swap","text":"csp"}
{"type":"console_error","session":"admin","route":"/admin/crm","text":"Failed to load resource: the server responded with a status of 408 (Offline)"}
{"type":"request_failed","session":"admin","route":"/admin/crm","method":"GET","url":"https://fonts.gstatic.com/s/jetbrainsmono/v24/tDbv2o-flEEny0FZhsfKu5WU4zr3E_BX0PnT8RD8yKwBNntkaToggR7BYRbKPxDcwgknk-4.woff2","text":"net::ERR_ABORTED"}
{"type":"console_error","session":"admin","route":"/admin/crm","text":"Loading the stylesheet 'https://api.fontshare.com/v2/css?f[]=general-sans@400,500,600,700&display=swap' violates the following Content Security Policy directive: \"style-src 'self' 'unsafe-inline' https://fonts.googleapis.com\". Note that 'style-src-elem' was not explicitly set, so 'style-src' is use…"}
{"type":"request_failed","session":"admin","route":"/admin/crm","method":"GET","url":"https://api.fontshare.com/v2/css?f[]=general-sans@400,500,600,700&display=swap","text":"csp"}
{"type":"console_error","session":"admin","route":"/admin/crm","text":"Loading the stylesheet 'https://api.fontshare.com/v2/css?f[]=general-sans@400,500,600,700&display=swap' violates the following Content Security Policy directive: \"style-src 'self' 'unsafe-inline' https://fonts.googleapis.com\". Note that 'style-src-elem' was not explicitly set, so 'style-src' is use…"}
{"type":"request_failed","session":"admin","route":"/admin/crm","method":"GET","url":"https://api.fontshare.com/v2/css?f[]=general-sans@400,500,600,700&display=swap","text":"csp"}
{"type":"console_error","session":"admin","route":"/admin/crm","text":"Loading the stylesheet 'https://api.fontshare.com/v2/css?f[]=general-sans@400,500,600,700&display=swap' violates the following Content Security Policy directive: \"style-src 'self' 'unsafe-inline' https://fonts.googleapis.com\". Note that 'style-src-elem' was not explicitly set, so 'style-src' is use…"}
{"type":"request_failed","session":"admin","route":"/admin/crm","method":"GET","url":"https://api.fontshare.com/v2/css?f[]=general-sans@400,500,600,700&display=swap","text":"csp"}
{"type":"http_error","session":"admin","route":"/admin/crm","status":400,"url":"https://rumdmulxzmjtsplsjngi.supabase.co/auth/v1/token?grant_type=password"}
{"type":"console_error","session":"admin","route":"/admin/crm","text":"Failed to load resource: the server responded with a status of 400 ()"}
{"type":"console_error","session":"admin","route":"/admin/sales","text":"Loading the stylesheet 'https://api.fontshare.com/v2/css?f[]=general-sans@400,500,600,700&display=swap' violates the following Content Security Policy directive: \"style-src 'self' 'unsafe-inline' https://fonts.googleapis.com\". Note that 'style-src-elem' was not explicitly set, so 'style-src' is use…"}
{"type":"request_failed","session":"admin","route":"/admin/sales","method":"GET","url":"https://api.fontshare.com/v2/css?f[]=general-sans@400,500,600,700&display=swap","text":"csp"}
{"type":"console_error","session":"admin","route":"/admin/sales","text":"Failed to load resource: the server responded with a status of 408 (Offline)"}
{"type":"request_failed","session":"admin","route":"/admin/sales","method":"GET","url":"https://fonts.gstatic.com/s/jetbrainsmono/v24/tDbv2o-flEEny0FZhsfKu5WU4zr3E_BX0PnT8RD8yKwBNntkaToggR7BYRbKPxDcwgknk-4.woff2","text":"net::ERR_ABORTED"}
{"type":"console_error","session":"admin","route":"/admin/sales","text":"Loading the stylesheet 'https://api.fontshare.com/v2/css?f[]=general-sans@400,500,600,700&display=swap' violates the following Content Security Policy directive: \"style-src 'self' 'unsafe-inline' https://fonts.googleapis.com\". Note that 'style-src-elem' was not explicitly set, so 'style-src' is use…"}
{"type":"request_failed","session":"admin","route":"/admin/sales","method":"GET","url":"https://api.fontshare.com/v2/css?f[]=general-sans@400,500,600,700&display=swap","text":"csp"}
{"type":"console_error","session":"admin","route":"/admin/sales","text":"Loading the stylesheet 'https://api.fontshare.com/v2/css?f[]=general-sans@400,500,600,700&display=swap' violates the following Content Security Policy directive: \"style-src 'self' 'unsafe-inline' https://fonts.googleapis.com\". Note that 'style-src-elem' was not explicitly set, so 'style-src' is use…"}
{"type":"request_failed","session":"admin","route":"/admin/sales","method":"GET","url":"https://api.fontshare.com/v2/css?f[]=general-sans@400,500,600,700&display=swap","text":"csp"}
{"type":"console_error","session":"admin","route":"/admin/sales","text":"Loading the stylesheet 'https://api.fontshare.com/v2/css?f[]=general-sans@400,500,600,700&display=swap' violates the following Content Security Policy directive: \"style-src 'self' 'unsafe-inline' https://fonts.googleapis.com\". Note that 'style-src-elem' was not explicitly set, so 'style-src' is use…"}
{"type":"request_failed","session":"admin","route":"/admin/sales","method":"GET","url":"https://api.fontshare.com/v2/css?f[]=general-sans@400,500,600,700&display=swap","text":"csp"}
{"type":"http_error","session":"admin","route":"/admin/sales","status":400,"url":"https://rumdmulxzmjtsplsjngi.supabase.co/auth/v1/token?grant_type=password"}
{"type":"console_error","session":"admin","route":"/admin/sales","text":"Failed to load resource: the server responded with a status of 400 ()"}
{"type":"console_error","session":"admin","route":"/admin/editorial","text":"Loading the stylesheet 'https://api.fontshare.com/v2/css?f[]=general-sans@400,500,600,700&display=swap' violates the following Content Security Policy directive: \"style-src 'self' 'unsafe-inline' https://fonts.googleapis.com\". Note that 'style-src-elem' was not explicitly set, so 'style-src' is use…"}
{"type":"request_failed","session":"admin","route":"/admin/editorial","method":"GET","url":"https://api.fontshare.com/v2/css?f[]=general-sans@400,500,600,700&display=swap","text":"csp"}
{"type":"console_error","session":"admin","route":"/admin/editorial","text":"Failed to load resource: the server responded with a status of 408 (Offline)"}
{"type":"request_failed","session":"admin","route":"/admin/editorial","method":"GET","url":"https://fonts.gstatic.com/s/jetbrainsmono/v24/tDbv2o-flEEny0FZhsfKu5WU4zr3E_BX0PnT8RD8yKwBNntkaToggR7BYRbKPxDcwgknk-4.woff2","text":"net::ERR_ABORTED"}
{"type":"console_error","session":"admin","route":"/admin/editorial","text":"Loading the stylesheet 'https://api.fontshare.com/v2/css?f[]=general-sans@400,500,600,700&display=swap' violates the following Content Security Policy directive: \"style-src 'self' 'unsafe-inline' https://fonts.googleapis.com\". Note that 'style-src-elem' was not explicitly set, so 'style-src' is use…"}
{"type":"request_failed","session":"admin","route":"/admin/editorial","method":"GET","url":"https://api.fontshare.com/v2/css?f[]=general-sans@400,500,600,700&display=swap","text":"csp"}
{"type":"console_error","session":"admin","route":"/admin/editorial","text":"Loading the stylesheet 'https://api.fontshare.com/v2/css?f[]=general-sans@400,500,600,700&display=swap' violates the following Content Security Policy directive: \"style-src 'self' 'unsafe-inline' https://fonts.googleapis.com\". Note that 'style-src-elem' was not explicitly set, so 'style-src' is use…"}
{"type":"request_failed","session":"admin","route":"/admin/editorial","method":"GET","url":"https://api.fontshare.com/v2/css?f[]=general-sans@400,500,600,700&display=swap","text":"csp"}
{"type":"console_error","session":"admin","route":"/admin/editorial","text":"Loading the stylesheet 'https://api.fontshare.com/v2/css?f[]=general-sans@400,500,600,700&display=swap' violates the following Content Security Policy directive: \"style-src 'self' 'unsafe-inline' https://fonts.googleapis.com\". Note that 'style-src-elem' was not explicitly set, so 'style-src' is use…"}
{"type":"request_failed","session":"admin","route":"/admin/editorial","method":"GET","url":"https://api.fontshare.com/v2/css?f[]=general-sans@400,500,600,700&display=swap","text":"csp"}
{"type":"http_error","session":"admin","route":"/admin/editorial","status":400,"url":"https://rumdmulxzmjtsplsjngi.supabase.co/auth/v1/token?grant_type=password"}
{"type":"console_error","session":"admin","route":"/admin/editorial","text":"Failed to load resource: the server responded with a status of 400 ()"}
{"type":"console_error","session":"admin","route":"/admin/feeds","text":"Loading the stylesheet 'https://api.fontshare.com/v2/css?f[]=general-sans@400,500,600,700&display=swap' violates the following Content Security Policy directive: \"style-src 'self' 'unsafe-inline' https://fonts.googleapis.com\". Note that 'style-src-elem' was not explicitly set, so 'style-src' is use…"}
{"type":"request_failed","session":"admin","route":"/admin/feeds","method":"GET","url":"https://api.fontshare.com/v2/css?f[]=general-sans@400,500,600,700&display=swap","text":"csp"}
{"type":"console_error","session":"admin","route":"/admin/feeds","text":"Failed to load resource: the server responded with a status of 408 (Offline)"}
{"type":"request_failed","session":"admin","route":"/admin/feeds","method":"GET","url":"https://fonts.gstatic.com/s/jetbrainsmono/v24/tDbv2o-flEEny0FZhsfKu5WU4zr3E_BX0PnT8RD8yKwBNntkaToggR7BYRbKPxDcwgknk-4.woff2","text":"net::ERR_ABORTED"}
{"type":"console_error","session":"admin","route":"/admin/feeds","text":"Loading the stylesheet 'https://api.fontshare.com/v2/css?f[]=general-sans@400,500,600,700&display=swap' violates the following Content Security Policy directive: \"style-src 'self' 'unsafe-inline' https://fonts.googleapis.com\". Note that 'style-src-elem' was not explicitly set, so 'style-src' is use…"}
{"type":"request_failed","session":"admin","route":"/admin/feeds","method":"GET","url":"https://api.fontshare.com/v2/css?f[]=general-sans@400,500,600,700&display=swap","text":"csp"}
{"type":"console_error","session":"admin","route":"/admin/feeds","text":"Loading the stylesheet 'https://api.fontshare.com/v2/css?f[]=general-sans@400,500,600,700&display=swap' violates the following Content Security Policy directive: \"style-src 'self' 'unsafe-inline' https://fonts.googleapis.com\". Note that 'style-src-elem' was not explicitly set, so 'style-src' is use…"}
{"type":"request_failed","session":"admin","route":"/admin/feeds","method":"GET","url":"https://api.fontshare.com/v2/css?f[]=general-sans@400,500,600,700&display=swap","text":"csp"}
{"type":"console_error","session":"admin","route":"/admin/feeds","text":"Loading the stylesheet 'https://api.fontshare.com/v2/css?f[]=general-sans@400,500,600,700&display=swap' violates the following Content Security Policy directive: \"style-src 'self' 'unsafe-inline' https://fonts.googleapis.com\". Note that 'style-src-elem' was not explicitly set, so 'style-src' is use…"}
{"type":"request_failed","session":"admin","route":"/admin/feeds","method":"GET","url":"https://api.fontshare.com/v2/css?f[]=general-sans@400,500,600,700&display=swap","text":"csp"}
{"type":"http_error","session":"admin","route":"/admin/feeds","status":400,"url":"https://rumdmulxzmjtsplsjngi.supabase.co/auth/v1/token?grant_type=password"}
{"type":"console_error","session":"admin","route":"/admin/feeds","text":"Failed to load resource: the server responded with a status of 400 ()"}
{"type":"console_error","session":"admin","route":"/admin/blog","text":"Loading the stylesheet 'https://api.fontshare.com/v2/css?f[]=general-sans@400,500,600,700&display=swap' violates the following Content Security Policy directive: \"style-src 'self' 'unsafe-inline' https://fonts.googleapis.com\". Note that 'style-src-elem' was not explicitly set, so 'style-src' is use…"}
{"type":"request_failed","session":"admin","route":"/admin/blog","method":"GET","url":"https://api.fontshare.com/v2/css?f[]=general-sans@400,500,600,700&display=swap","text":"csp"}
{"type":"console_error","session":"admin","route":"/admin/blog","text":"Failed to load resource: the server responded with a status of 408 (Offline)"}
{"type":"request_failed","session":"admin","route":"/admin/blog","method":"GET","url":"https://fonts.gstatic.com/s/jetbrainsmono/v24/tDbv2o-flEEny0FZhsfKu5WU4zr3E_BX0PnT8RD8yKwBNntkaToggR7BYRbKPxDcwgknk-4.woff2","text":"net::ERR_ABORTED"}
{"type":"console_error","session":"admin","route":"/admin/blog","text":"Loading the stylesheet 'https://api.fontshare.com/v2/css?f[]=general-sans@400,500,600,700&display=swap' violates the following Content Security Policy directive: \"style-src 'self' 'unsafe-inline' https://fonts.googleapis.com\". Note that 'style-src-elem' was not explicitly set, so 'style-src' is use…"}
{"type":"request_failed","session":"admin","route":"/admin/blog","method":"GET","url":"https://api.fontshare.com/v2/css?f[]=general-sans@400,500,600,700&display=swap","text":"csp"}
{"type":"console_error","session":"admin","route":"/admin/blog","text":"Loading the stylesheet 'https://api.fontshare.com/v2/css?f[]=general-sans@400,500,600,700&display=swap' violates the following Content Security Policy directive: \"style-src 'self' 'unsafe-inline' https://fonts.googleapis.com\". Note that 'style-src-elem' was not explicitly set, so 'style-src' is use…"}
{"type":"request_failed","session":"admin","route":"/admin/blog","method":"GET","url":"https://api.fontshare.com/v2/css?f[]=general-sans@400,500,600,700&display=swap","text":"csp"}
{"type":"console_error","session":"admin","route":"/admin/blog","text":"Loading the stylesheet 'https://api.fontshare.com/v2/css?f[]=general-sans@400,500,600,700&display=swap' violates the following Content Security Policy directive: \"style-src 'self' 'unsafe-inline' https://fonts.googleapis.com\". Note that 'style-src-elem' was not explicitly set, so 'style-src' is use…"}
{"type":"request_failed","session":"admin","route":"/admin/blog","method":"GET","url":"https://api.fontshare.com/v2/css?f[]=general-sans@400,500,600,700&display=swap","text":"csp"}
{"type":"http_error","session":"admin","route":"/admin/blog","status":400,"url":"https://rumdmulxzmjtsplsjngi.supabase.co/auth/v1/token?grant_type=password"}
{"type":"console_error","session":"admin","route":"/admin/blog","text":"Failed to load resource: the server responded with a status of 400 ()"}
{"type":"console_error","session":"admin","route":"/admin/education","text":"Loading the stylesheet 'https://api.fontshare.com/v2/css?f[]=general-sans@400,500,600,700&display=swap' violates the following Content Security Policy directive: \"style-src 'self' 'unsafe-inline' https://fonts.googleapis.com\". Note that 'style-src-elem' was not explicitly set, so 'style-src' is use…"}
{"type":"request_failed","session":"admin","route":"/admin/education","method":"GET","url":"https://api.fontshare.com/v2/css?f[]=general-sans@400,500,600,700&display=swap","text":"csp"}
{"type":"console_error","session":"admin","route":"/admin/education","text":"Failed to load resource: the server responded with a status of 408 (Offline)"}
{"type":"request_failed","session":"admin","route":"/admin/education","method":"GET","url":"https://fonts.gstatic.com/s/jetbrainsmono/v24/tDbv2o-flEEny0FZhsfKu5WU4zr3E_BX0PnT8RD8yKwBNntkaToggR7BYRbKPxDcwgknk-4.woff2","text":"net::ERR_ABORTED"}
{"type":"console_error","session":"admin","route":"/admin/education","text":"Loading the stylesheet 'https://api.fontshare.com/v2/css?f[]=general-sans@400,500,600,700&display=swap' violates the following Content Security Policy directive: \"style-src 'self' 'unsafe-inline' https://fonts.googleapis.com\". Note that 'style-src-elem' was not explicitly set, so 'style-src' is use…"}
{"type":"request_failed","session":"admin","route":"/admin/education","method":"GET","url":"https://api.fontshare.com/v2/css?f[]=general-sans@400,500,600,700&display=swap","text":"csp"}
{"type":"console_error","session":"admin","route":"/admin/education","text":"Loading the stylesheet 'https://api.fontshare.com/v2/css?f[]=general-sans@400,500,600,700&display=swap' violates the following Content Security Policy directive: \"style-src 'self' 'unsafe-inline' https://fonts.googleapis.com\". Note that 'style-src-elem' was not explicitly set, so 'style-src' is use…"}
{"type":"request_failed","session":"admin","route":"/admin/education","method":"GET","url":"https://api.fontshare.com/v2/css?f[]=general-sans@400,500,600,700&display=swap","text":"csp"}
{"type":"console_error","session":"admin","route":"/admin/education","text":"Loading the stylesheet 'https://api.fontshare.com/v2/css?f[]=general-sans@400,500,600,700&display=swap' violates the following Content Security Policy directive: \"style-src 'self' 'unsafe-inline' https://fonts.googleapis.com\". Note that 'style-src-elem' was not explicitly set, so 'style-src' is use…"}
{"type":"request_failed","session":"admin","route":"/admin/education","method":"GET","url":"https://api.fontshare.com/v2/css?f[]=general-sans@400,500,600,700&display=swap","text":"csp"}
{"type":"http_error","session":"admin","route":"/admin/education","status":400,"url":"https://rumdmulxzmjtsplsjngi.supabase.co/auth/v1/token?grant_type=password"}
{"type":"console_error","session":"admin","route":"/admin/education","text":"Failed to load resource: the server responded with a status of 400 ()"}
{"type":"console_error","session":"admin","route":"/admin/ingredients","text":"Loading the stylesheet 'https://api.fontshare.com/v2/css?f[]=general-sans@400,500,600,700&display=swap' violates the following Content Security Policy directive: \"style-src 'self' 'unsafe-inline' https://fonts.googleapis.com\". Note that 'style-src-elem' was not explicitly set, so 'style-src' is use…"}
{"type":"request_failed","session":"admin","route":"/admin/ingredients","method":"GET","url":"https://api.fontshare.com/v2/css?f[]=general-sans@400,500,600,700&display=swap","text":"csp"}
{"type":"console_error","session":"admin","route":"/admin/ingredients","text":"Failed to load resource: the server responded with a status of 408 (Offline)"}
{"type":"request_failed","session":"admin","route":"/admin/ingredients","method":"GET","url":"https://fonts.gstatic.com/s/jetbrainsmono/v24/tDbv2o-flEEny0FZhsfKu5WU4zr3E_BX0PnT8RD8yKwBNntkaToggR7BYRbKPxDcwgknk-4.woff2","text":"net::ERR_ABORTED"}
{"type":"console_error","session":"admin","route":"/admin/ingredients","text":"Loading the stylesheet 'https://api.fontshare.com/v2/css?f[]=general-sans@400,500,600,700&display=swap' violates the following Content Security Policy directive: \"style-src 'self' 'unsafe-inline' https://fonts.googleapis.com\". Note that 'style-src-elem' was not explicitly set, so 'style-src' is use…"}
{"type":"request_failed","session":"admin","route":"/admin/ingredients","method":"GET","url":"https://api.fontshare.com/v2/css?f[]=general-sans@400,500,600,700&display=swap","text":"csp"}
{"type":"console_error","session":"admin","route":"/admin/ingredients","text":"Loading the stylesheet 'https://api.fontshare.com/v2/css?f[]=general-sans@400,500,600,700&display=swap' violates the following Content Security Policy directive: \"style-src 'self' 'unsafe-inline' https://fonts.googleapis.com\". Note that 'style-src-elem' was not explicitly set, so 'style-src' is use…"}
{"type":"request_failed","session":"admin","route":"/admin/ingredients","method":"GET","url":"https://api.fontshare.com/v2/css?f[]=general-sans@400,500,600,700&display=swap","text":"csp"}
{"type":"console_error","session":"admin","route":"/admin/ingredients","text":"Loading the stylesheet 'https://api.fontshare.com/v2/css?f[]=general-sans@400,500,600,700&display=swap' violates the following Content Security Policy directive: \"style-src 'self' 'unsafe-inline' https://fonts.googleapis.com\". Note that 'style-src-elem' was not explicitly set, so 'style-src' is use…"}
{"type":"request_failed","session":"admin","route":"/admin/ingredients","method":"GET","url":"https://api.fontshare.com/v2/css?f[]=general-sans@400,500,600,700&display=swap","text":"csp"}
{"type":"http_error","session":"admin","route":"/admin/ingredients","status":400,"url":"https://rumdmulxzmjtsplsjngi.supabase.co/auth/v1/token?grant_type=password"}
{"type":"console_error","session":"admin","route":"/admin/ingredients","text":"Failed to load resource: the server responded with a status of 400 ()"}
{"type":"console_error","session":"admin","route":"/admin/cms","text":"Loading the stylesheet 'https://api.fontshare.com/v2/css?f[]=general-sans@400,500,600,700&display=swap' violates the following Content Security Policy directive: \"style-src 'self' 'unsafe-inline' https://fonts.googleapis.com\". Note that 'style-src-elem' was not explicitly set, so 'style-src' is use…"}
{"type":"request_failed","session":"admin","route":"/admin/cms","method":"GET","url":"https://api.fontshare.com/v2/css?f[]=general-sans@400,500,600,700&display=swap","text":"csp"}
{"type":"console_error","session":"admin","route":"/admin/cms","text":"Failed to load resource: the server responded with a status of 408 (Offline)"}
{"type":"request_failed","session":"admin","route":"/admin/cms","method":"GET","url":"https://fonts.gstatic.com/s/jetbrainsmono/v24/tDbv2o-flEEny0FZhsfKu5WU4zr3E_BX0PnT8RD8yKwBNntkaToggR7BYRbKPxDcwgknk-4.woff2","text":"net::ERR_ABORTED"}
{"type":"console_error","session":"admin","route":"/admin/cms","text":"Loading the stylesheet 'https://api.fontshare.com/v2/css?f[]=general-sans@400,500,600,700&display=swap' violates the following Content Security Policy directive: \"style-src 'self' 'unsafe-inline' https://fonts.googleapis.com\". Note that 'style-src-elem' was not explicitly set, so 'style-src' is use…"}
{"type":"request_failed","session":"admin","route":"/admin/cms","method":"GET","url":"https://api.fontshare.com/v2/css?f[]=general-sans@400,500,600,700&display=swap","text":"csp"}
{"type":"console_error","session":"admin","route":"/admin/cms","text":"Loading the stylesheet 'https://api.fontshare.com/v2/css?f[]=general-sans@400,500,600,700&display=swap' violates the following Content Security Policy directive: \"style-src 'self' 'unsafe-inline' https://fonts.googleapis.com\". Note that 'style-src-elem' was not explicitly set, so 'style-src' is use…"}
{"type":"request_failed","session":"admin","route":"/admin/cms","method":"GET","url":"https://api.fontshare.com/v2/css?f[]=general-sans@400,500,600,700&display=swap","text":"csp"}
{"type":"console_error","session":"admin","route":"/admin/cms","text":"Loading the stylesheet 'https://api.fontshare.com/v2/css?f[]=general-sans@400,500,600,700&display=swap' violates the following Content Security Policy directive: \"style-src 'self' 'unsafe-inline' https://fonts.googleapis.com\". Note that 'style-src-elem' was not explicitly set, so 'style-src' is use…"}
{"type":"request_failed","session":"admin","route":"/admin/cms","method":"GET","url":"https://api.fontshare.com/v2/css?f[]=general-sans@400,500,600,700&display=swap","text":"csp"}
{"type":"http_error","session":"admin","route":"/admin/cms","status":400,"url":"https://rumdmulxzmjtsplsjngi.supabase.co/auth/v1/token?grant_type=password"}
{"type":"console_error","session":"admin","route":"/admin/cms","text":"Failed to load resource: the server responded with a status of 400 ()"}
{"type":"console_error","session":"admin","route":"/admin/shop","text":"Loading the stylesheet 'https://api.fontshare.com/v2/css?f[]=general-sans@400,500,600,700&display=swap' violates the following Content Security Policy directive: \"style-src 'self' 'unsafe-inline' https://fonts.googleapis.com\". Note that 'style-src-elem' was not explicitly set, so 'style-src' is use…"}
{"type":"request_failed","session":"admin","route":"/admin/shop","method":"GET","url":"https://api.fontshare.com/v2/css?f[]=general-sans@400,500,600,700&display=swap","text":"csp"}
{"type":"console_error","session":"admin","route":"/admin/shop","text":"Failed to load resource: the server responded with a status of 408 (Offline)"}
{"type":"request_failed","session":"admin","route":"/admin/shop","method":"GET","url":"https://fonts.gstatic.com/s/jetbrainsmono/v24/tDbv2o-flEEny0FZhsfKu5WU4zr3E_BX0PnT8RD8yKwBNntkaToggR7BYRbKPxDcwgknk-4.woff2","text":"net::ERR_ABORTED"}
{"type":"console_error","session":"admin","route":"/admin/shop","text":"Loading the stylesheet 'https://api.fontshare.com/v2/css?f[]=general-sans@400,500,600,700&display=swap' violates the following Content Security Policy directive: \"style-src 'self' 'unsafe-inline' https://fonts.googleapis.com\". Note that 'style-src-elem' was not explicitly set, so 'style-src' is use…"}
{"type":"request_failed","session":"admin","route":"/admin/shop","method":"GET","url":"https://api.fontshare.com/v2/css?f[]=general-sans@400,500,600,700&display=swap","text":"csp"}
{"type":"console_error","session":"admin","route":"/admin/shop","text":"Loading the stylesheet 'https://api.fontshare.com/v2/css?f[]=general-sans@400,500,600,700&display=swap' violates the following Content Security Policy directive: \"style-src 'self' 'unsafe-inline' https://fonts.googleapis.com\". Note that 'style-src-elem' was not explicitly set, so 'style-src' is use…"}
{"type":"request_failed","session":"admin","route":"/admin/shop","method":"GET","url":"https://api.fontshare.com/v2/css?f[]=general-sans@400,500,600,700&display=swap","text":"csp"}
{"type":"console_error","session":"admin","route":"/admin/shop","text":"Loading the stylesheet 'https://api.fontshare.com/v2/css?f[]=general-sans@400,500,600,700&display=swap' violates the following Content Security Policy directive: \"style-src 'self' 'unsafe-inline' https://fonts.googleapis.com\". Note that 'style-src-elem' was not explicitly set, so 'style-src' is use…"}
{"type":"request_failed","session":"admin","route":"/admin/shop","method":"GET","url":"https://api.fontshare.com/v2/css?f[]=general-sans@400,500,600,700&display=swap","text":"csp"}
{"type":"http_error","session":"admin","route":"/admin/shop","status":400,"url":"https://rumdmulxzmjtsplsjngi.supabase.co/auth/v1/token?grant_type=password"}
{"type":"console_error","session":"admin","route":"/admin/shop","text":"Failed to load resource: the server responded with a status of 400 ()"}
{"type":"console_error","session":"admin","route":"/admin/subscriptions","text":"Loading the stylesheet 'https://api.fontshare.com/v2/css?f[]=general-sans@400,500,600,700&display=swap' violates the following Content Security Policy directive: \"style-src 'self' 'unsafe-inline' https://fonts.googleapis.com\". Note that 'style-src-elem' was not explicitly set, so 'style-src' is use…"}
{"type":"request_failed","session":"admin","route":"/admin/subscriptions","method":"GET","url":"https://api.fontshare.com/v2/css?f[]=general-sans@400,500,600,700&display=swap","text":"csp"}
{"type":"console_error","session":"admin","route":"/admin/subscriptions","text":"Failed to load resource: the server responded with a status of 408 (Offline)"}
{"type":"request_failed","session":"admin","route":"/admin/subscriptions","method":"GET","url":"https://fonts.gstatic.com/s/jetbrainsmono/v24/tDbv2o-flEEny0FZhsfKu5WU4zr3E_BX0PnT8RD8yKwBNntkaToggR7BYRbKPxDcwgknk-4.woff2","text":"net::ERR_ABORTED"}
{"type":"console_error","session":"admin","route":"/admin/subscriptions","text":"Loading the stylesheet 'https://api.fontshare.com/v2/css?f[]=general-sans@400,500,600,700&display=swap' violates the following Content Security Policy directive: \"style-src 'self' 'unsafe-inline' https://fonts.googleapis.com\". Note that 'style-src-elem' was not explicitly set, so 'style-src' is use…"}
{"type":"request_failed","session":"admin","route":"/admin/subscriptions","method":"GET","url":"https://api.fontshare.com/v2/css?f[]=general-sans@400,500,600,700&display=swap","text":"csp"}
{"type":"console_error","session":"admin","route":"/admin/subscriptions","text":"Loading the stylesheet 'https://api.fontshare.com/v2/css?f[]=general-sans@400,500,600,700&display=swap' violates the following Content Security Policy directive: \"style-src 'self' 'unsafe-inline' https://fonts.googleapis.com\". Note that 'style-src-elem' was not explicitly set, so 'style-src' is use…"}
{"type":"request_failed","session":"admin","route":"/admin/subscriptions","method":"GET","url":"https://api.fontshare.com/v2/css?f[]=general-sans@400,500,600,700&display=swap","text":"csp"}
{"type":"console_error","session":"admin","route":"/admin/subscriptions","text":"Loading the stylesheet 'https://api.fontshare.com/v2/css?f[]=general-sans@400,500,600,700&display=swap' violates the following Content Security Policy directive: \"style-src 'self' 'unsafe-inline' https://fonts.googleapis.com\". Note that 'style-src-elem' was not explicitly set, so 'style-src' is use…"}
{"type":"request_failed","session":"admin","route":"/admin/subscriptions","method":"GET","url":"https://api.fontshare.com/v2/css?f[]=general-sans@400,500,600,700&display=swap","text":"csp"}
{"type":"http_error","session":"admin","route":"/admin/subscriptions","status":400,"url":"https://rumdmulxzmjtsplsjngi.supabase.co/auth/v1/token?grant_type=password"}
{"type":"console_error","session":"admin","route":"/admin/subscriptions","text":"Failed to load resource: the server responded with a status of 400 ()"}
{"type":"console_error","session":"admin","route":"/admin/feature-flags","text":"Loading the stylesheet 'https://api.fontshare.com/v2/css?f[]=general-sans@400,500,600,700&display=swap' violates the following Content Security Policy directive: \"style-src 'self' 'unsafe-inline' https://fonts.googleapis.com\". Note that 'style-src-elem' was not explicitly set, so 'style-src' is use…"}
{"type":"request_failed","session":"admin","route":"/admin/feature-flags","method":"GET","url":"https://api.fontshare.com/v2/css?f[]=general-sans@400,500,600,700&display=swap","text":"csp"}
{"type":"console_error","session":"admin","route":"/admin/feature-flags","text":"Failed to load resource: the server responded with a status of 408 (Offline)"}
{"type":"request_failed","session":"admin","route":"/admin/feature-flags","method":"GET","url":"https://fonts.gstatic.com/s/jetbrainsmono/v24/tDbv2o-flEEny0FZhsfKu5WU4zr3E_BX0PnT8RD8yKwBNntkaToggR7BYRbKPxDcwgknk-4.woff2","text":"net::ERR_ABORTED"}
{"type":"console_error","session":"admin","route":"/admin/feature-flags","text":"Loading the stylesheet 'https://api.fontshare.com/v2/css?f[]=general-sans@400,500,600,700&display=swap' violates the following Content Security Policy directive: \"style-src 'self' 'unsafe-inline' https://fonts.googleapis.com\". Note that 'style-src-elem' was not explicitly set, so 'style-src' is use…"}
{"type":"request_failed","session":"admin","route":"/admin/feature-flags","method":"GET","url":"https://api.fontshare.com/v2/css?f[]=general-sans@400,500,600,700&display=swap","text":"csp"}
{"type":"console_error","session":"admin","route":"/admin/feature-flags","text":"Loading the stylesheet 'https://api.fontshare.com/v2/css?f[]=general-sans@400,500,600,700&display=swap' violates the following Content Security Policy directive: \"style-src 'self' 'unsafe-inline' https://fonts.googleapis.com\". Note that 'style-src-elem' was not explicitly set, so 'style-src' is use…"}
{"type":"request_failed","session":"admin","route":"/admin/feature-flags","method":"GET","url":"https://api.fontshare.com/v2/css?f[]=general-sans@400,500,600,700&display=swap","text":"csp"}
{"type":"console_error","session":"admin","route":"/admin/feature-flags","text":"Loading the stylesheet 'https://api.fontshare.com/v2/css?f[]=general-sans@400,500,600,700&display=swap' violates the following Content Security Policy directive: \"style-src 'self' 'unsafe-inline' https://fonts.googleapis.com\". Note that 'style-src-elem' was not explicitly set, so 'style-src' is use…"}
{"type":"request_failed","session":"admin","route":"/admin/feature-flags","method":"GET","url":"https://api.fontshare.com/v2/css?f[]=general-sans@400,500,600,700&display=swap","text":"csp"}
{"type":"http_error","session":"admin","route":"/admin/feature-flags","status":400,"url":"https://rumdmulxzmjtsplsjngi.supabase.co/auth/v1/token?grant_type=password"}
{"type":"console_error","session":"admin","route":"/admin/feature-flags","text":"Failed to load resource: the server responded with a status of 400 ()"}
{"type":"console_error","session":"admin","route":"/admin/shell-detection","text":"Loading the stylesheet 'https://api.fontshare.com/v2/css?f[]=general-sans@400,500,600,700&display=swap' violates the following Content Security Policy directive: \"style-src 'self' 'unsafe-inline' https://fonts.googleapis.com\". Note that 'style-src-elem' was not explicitly set, so 'style-src' is use…"}
{"type":"request_failed","session":"admin","route":"/admin/shell-detection","method":"GET","url":"https://api.fontshare.com/v2/css?f[]=general-sans@400,500,600,700&display=swap","text":"csp"}
{"type":"console_error","session":"admin","route":"/admin/shell-detection","text":"Failed to load resource: the server responded with a status of 408 (Offline)"}
{"type":"request_failed","session":"admin","route":"/admin/shell-detection","method":"GET","url":"https://fonts.gstatic.com/s/jetbrainsmono/v24/tDbv2o-flEEny0FZhsfKu5WU4zr3E_BX0PnT8RD8yKwBNntkaToggR7BYRbKPxDcwgknk-4.woff2","text":"net::ERR_ABORTED"}
{"type":"console_error","session":"admin","route":"/admin/shell-detection","text":"Loading the stylesheet 'https://api.fontshare.com/v2/css?f[]=general-sans@400,500,600,700&display=swap' violates the following Content Security Policy directive: \"style-src 'self' 'unsafe-inline' https://fonts.googleapis.com\". Note that 'style-src-elem' was not explicitly set, so 'style-src' is use…"}
{"type":"request_failed","session":"admin","route":"/admin/shell-detection","method":"GET","url":"https://api.fontshare.com/v2/css?f[]=general-sans@400,500,600,700&display=swap","text":"csp"}
{"type":"console_error","session":"admin","route":"/admin/shell-detection","text":"Loading the stylesheet 'https://api.fontshare.com/v2/css?f[]=general-sans@400,500,600,700&display=swap' violates the following Content Security Policy directive: \"style-src 'self' 'unsafe-inline' https://fonts.googleapis.com\". Note that 'style-src-elem' was not explicitly set, so 'style-src' is use…"}
{"type":"request_failed","session":"admin","route":"/admin/shell-detection","method":"GET","url":"https://api.fontshare.com/v2/css?f[]=general-sans@400,500,600,700&display=swap","text":"csp"}
{"type":"console_error","session":"admin","route":"/admin/shell-detection","text":"Loading the stylesheet 'https://api.fontshare.com/v2/css?f[]=general-sans@400,500,600,700&display=swap' violates the following Content Security Policy directive: \"style-src 'self' 'unsafe-inline' https://fonts.googleapis.com\". Note that 'style-src-elem' was not explicitly set, so 'style-src' is use…"}
{"type":"request_failed","session":"admin","route":"/admin/shell-detection","method":"GET","url":"https://api.fontshare.com/v2/css?f[]=general-sans@400,500,600,700&display=swap","text":"csp"}
{"type":"http_error","session":"admin","route":"/admin/shell-detection","status":400,"url":"https://rumdmulxzmjtsplsjngi.supabase.co/auth/v1/token?grant_type=password"}
{"type":"console_error","session":"admin","route":"/admin/shell-detection","text":"Failed to load resource: the server responded with a status of 400 ()"}
{"type":"console_error","session":"admin","route":"/admin/inventory-report","text":"Loading the stylesheet 'https://api.fontshare.com/v2/css?f[]=general-sans@400,500,600,700&display=swap' violates the following Content Security Policy directive: \"style-src 'self' 'unsafe-inline' https://fonts.googleapis.com\". Note that 'style-src-elem' was not explicitly set, so 'style-src' is use…"}
{"type":"request_failed","session":"admin","route":"/admin/inventory-report","method":"GET","url":"https://api.fontshare.com/v2/css?f[]=general-sans@400,500,600,700&display=swap","text":"csp"}
{"type":"console_error","session":"admin","route":"/admin/inventory-report","text":"Failed to load resource: the server responded with a status of 408 (Offline)"}
{"type":"request_failed","session":"admin","route":"/admin/inventory-report","method":"GET","url":"https://fonts.gstatic.com/s/jetbrainsmono/v24/tDbv2o-flEEny0FZhsfKu5WU4zr3E_BX0PnT8RD8yKwBNntkaToggR7BYRbKPxDcwgknk-4.woff2","text":"net::ERR_ABORTED"}
{"type":"console_error","session":"admin","route":"/admin/inventory-report","text":"Loading the stylesheet 'https://api.fontshare.com/v2/css?f[]=general-sans@400,500,600,700&display=swap' violates the following Content Security Policy directive: \"style-src 'self' 'unsafe-inline' https://fonts.googleapis.com\". Note that 'style-src-elem' was not explicitly set, so 'style-src' is use…"}
{"type":"request_failed","session":"admin","route":"/admin/inventory-report","method":"GET","url":"https://api.fontshare.com/v2/css?f[]=general-sans@400,500,600,700&display=swap","text":"csp"}
{"type":"console_error","session":"admin","route":"/admin/inventory-report","text":"Loading the stylesheet 'https://api.fontshare.com/v2/css?f[]=general-sans@400,500,600,700&display=swap' violates the following Content Security Policy directive: \"style-src 'self' 'unsafe-inline' https://fonts.googleapis.com\". Note that 'style-src-elem' was not explicitly set, so 'style-src' is use…"}
{"type":"request_failed","session":"admin","route":"/admin/inventory-report","method":"GET","url":"https://api.fontshare.com/v2/css?f[]=general-sans@400,500,600,700&display=swap","text":"csp"}
{"type":"console_error","session":"admin","route":"/admin/inventory-report","text":"Loading the stylesheet 'https://api.fontshare.com/v2/css?f[]=general-sans@400,500,600,700&display=swap' violates the following Content Security Policy directive: \"style-src 'self' 'unsafe-inline' https://fonts.googleapis.com\". Note that 'style-src-elem' was not explicitly set, so 'style-src' is use…"}
{"type":"request_failed","session":"admin","route":"/admin/inventory-report","method":"GET","url":"https://api.fontshare.com/v2/css?f[]=general-sans@400,500,600,700&display=swap","text":"csp"}
{"type":"http_error","session":"admin","route":"/admin/inventory-report","status":400,"url":"https://rumdmulxzmjtsplsjngi.supabase.co/auth/v1/token?grant_type=password"}
{"type":"console_error","session":"admin","route":"/admin/inventory-report","text":"Failed to load resource: the server responded with a status of 400 ()"}
{"type":"console_error","session":"admin","route":"/admin","text":"Loading the stylesheet 'https://api.fontshare.com/v2/css?f[]=general-sans@400,500,600,700&display=swap' violates the following Content Security Policy directive: \"style-src 'self' 'unsafe-inline' https://fonts.googleapis.com\". Note that 'style-src-elem' was not explicitly set, so 'style-src' is use…"}
{"type":"request_failed","session":"admin","route":"/admin","method":"GET","url":"https://api.fontshare.com/v2/css?f[]=general-sans@400,500,600,700&display=swap","text":"csp"}
{"type":"console_error","session":"admin","route":"/admin","text":"Failed to load resource: the server responded with a status of 408 (Offline)"}
{"type":"request_failed","session":"admin","route":"/admin","method":"GET","url":"https://fonts.gstatic.com/s/jetbrainsmono/v24/tDbv2o-flEEny0FZhsfKu5WU4zr3E_BX0PnT8RD8yKwBNntkaToggR7BYRbKPxDcwgknk-4.woff2","text":"net::ERR_ABORTED"}
{"type":"console_error","session":"admin","route":"/admin","text":"Loading the stylesheet 'https://api.fontshare.com/v2/css?f[]=general-sans@400,500,600,700&display=swap' violates the following Content Security Policy directive: \"style-src 'self' 'unsafe-inline' https://fonts.googleapis.com\". Note that 'style-src-elem' was not explicitly set, so 'style-src' is use…"}
{"type":"request_failed","session":"admin","route":"/admin","method":"GET","url":"https://api.fontshare.com/v2/css?f[]=general-sans@400,500,600,700&display=swap","text":"csp"}
{"type":"console_error","session":"admin","route":"/admin","text":"Loading the stylesheet 'https://api.fontshare.com/v2/css?f[]=general-sans@400,500,600,700&display=swap' violates the following Content Security Policy directive: \"style-src 'self' 'unsafe-inline' https://fonts.googleapis.com\". Note that 'style-src-elem' was not explicitly set, so 'style-src' is use…"}
{"type":"request_failed","session":"admin","route":"/admin","method":"GET","url":"https://api.fontshare.com/v2/css?f[]=general-sans@400,500,600,700&display=swap","text":"csp"}
{"type":"console_error","session":"admin","route":"/admin","text":"Loading the stylesheet 'https://api.fontshare.com/v2/css?f[]=general-sans@400,500,600,700&display=swap' violates the following Content Security Policy directive: \"style-src 'self' 'unsafe-inline' https://fonts.googleapis.com\". Note that 'style-src-elem' was not explicitly set, so 'style-src' is use…"}
{"type":"request_failed","session":"admin","route":"/admin","method":"GET","url":"https://api.fontshare.com/v2/css?f[]=general-sans@400,500,600,700&display=swap","text":"csp"}
{"type":"http_error","session":"admin","route":"/admin","status":400,"url":"https://rumdmulxzmjtsplsjngi.supabase.co/auth/v1/token?grant_type=password"}
{"type":"console_error","session":"admin","route":"/admin","text":"Failed to load resource: the server responded with a status of 400 ()"}
{"type":"console_error","session":"admin","route":"/admin/account","text":"Loading the stylesheet 'https://api.fontshare.com/v2/css?f[]=general-sans@400,500,600,700&display=swap' violates the following Content Security Policy directive: \"style-src 'self' 'unsafe-inline' https://fonts.googleapis.com\". Note that 'style-src-elem' was not explicitly set, so 'style-src' is use…"}
{"type":"request_failed","session":"admin","route":"/admin/account","method":"GET","url":"https://api.fontshare.com/v2/css?f[]=general-sans@400,500,600,700&display=swap","text":"csp"}
{"type":"console_error","session":"admin","route":"/admin/account","text":"Failed to load resource: the server responded with a status of 408 (Offline)"}
{"type":"request_failed","session":"admin","route":"/admin/account","method":"GET","url":"https://fonts.gstatic.com/s/jetbrainsmono/v24/tDbv2o-flEEny0FZhsfKu5WU4zr3E_BX0PnT8RD8yKwBNntkaToggR7BYRbKPxDcwgknk-4.woff2","text":"net::ERR_ABORTED"}
{"type":"console_error","session":"admin","route":"/admin/account","text":"Loading the stylesheet 'https://api.fontshare.com/v2/css?f[]=general-sans@400,500,600,700&display=swap' violates the following Content Security Policy directive: \"style-src 'self' 'unsafe-inline' https://fonts.googleapis.com\". Note that 'style-src-elem' was not explicitly set, so 'style-src' is use…"}
{"type":"request_failed","session":"admin","route":"/admin/account","method":"GET","url":"https://api.fontshare.com/v2/css?f[]=general-sans@400,500,600,700&display=swap","text":"csp"}
{"type":"console_error","session":"admin","route":"/admin/account","text":"Failed to load resource: the server responded with a status of 408 (Offline)"}
{"type":"request_failed","session":"admin","route":"/admin/account","method":"GET","url":"https://fonts.gstatic.com/s/jetbrainsmono/v24/tDbv2o-flEEny0FZhsfKu5WU4zr3E_BX0PnT8RD8yKwBNntkaToggR7BYRbKPxDcwgknk-4.woff2","text":"net::ERR_ABORTED"}
{"type":"console_error","session":"admin","route":"/admin/account","text":"Loading the stylesheet 'https://api.fontshare.com/v2/css?f[]=general-sans@400,500,600,700&display=swap' violates the following Content Security Policy directive: \"style-src 'self' 'unsafe-inline' https://fonts.googleapis.com\". Note that 'style-src-elem' was not explicitly set, so 'style-src' is use…"}
{"type":"request_failed","session":"admin","route":"/admin/account","method":"GET","url":"https://api.fontshare.com/v2/css?f[]=general-sans@400,500,600,700&display=swap","text":"csp"}
{"type":"console_error","session":"admin","route":"/admin/account","text":"Failed to load resource: the server responded with a status of 408 (Offline)"}
{"type":"request_failed","session":"admin","route":"/admin/account","method":"GET","url":"https://fonts.gstatic.com/s/jetbrainsmono/v24/tDbv2o-flEEny0FZhsfKu5WU4zr3E_BX0PnT8RD8yKwBNntkaToggR7BYRbKPxDcwgknk-4.woff2","text":"net::ERR_ABORTED"}
{"type":"console_error","session":"admin","route":"/admin/advisor","text":"Loading the stylesheet 'https://api.fontshare.com/v2/css?f[]=general-sans@400,500,600,700&display=swap' violates the following Content Security Policy directive: \"style-src 'self' 'unsafe-inline' https://fonts.googleapis.com\". Note that 'style-src-elem' was not explicitly set, so 'style-src' is use…"}
{"type":"request_failed","session":"admin","route":"/admin/advisor","method":"GET","url":"https://api.fontshare.com/v2/css?f[]=general-sans@400,500,600,700&display=swap","text":"csp"}
{"type":"console_error","session":"admin","route":"/admin/advisor","text":"Failed to load resource: the server responded with a status of 408 (Offline)"}
{"type":"request_failed","session":"admin","route":"/admin/advisor","method":"GET","url":"https://fonts.gstatic.com/s/jetbrainsmono/v24/tDbv2o-flEEny0FZhsfKu5WU4zr3E_BX0PnT8RD8yKwBNntkaToggR7BYRbKPxDcwgknk-4.woff2","text":"net::ERR_ABORTED"}
{"type":"console_error","session":"admin","route":"/admin/advisor","text":"Loading the stylesheet 'https://api.fontshare.com/v2/css?f[]=general-sans@400,500,600,700&display=swap' violates the following Content Security Policy directive: \"style-src 'self' 'unsafe-inline' https://fonts.googleapis.com\". Note that 'style-src-elem' was not explicitly set, so 'style-src' is use…"}
{"type":"request_failed","session":"admin","route":"/admin/advisor","method":"GET","url":"https://api.fontshare.com/v2/css?f[]=general-sans@400,500,600,700&display=swap","text":"csp"}
{"type":"console_error","session":"admin","route":"/admin/advisor","text":"Failed to load resource: the server responded with a status of 408 (Offline)"}
{"type":"request_failed","session":"admin","route":"/admin/advisor","method":"GET","url":"https://fonts.gstatic.com/s/jetbrainsmono/v24/tDbv2o-flEEny0FZhsfKu5WU4zr3E_BX0PnT8RD8yKwBNntkaToggR7BYRbKPxDcwgknk-4.woff2","text":"net::ERR_ABORTED"}
{"type":"console_error","session":"admin","route":"/admin/advisor","text":"Loading the stylesheet 'https://api.fontshare.com/v2/css?f[]=general-sans@400,500,600,700&display=swap' violates the following Content Security Policy directive: \"style-src 'self' 'unsafe-inline' https://fonts.googleapis.com\". Note that 'style-src-elem' was not explicitly set, so 'style-src' is use…"}
{"type":"request_failed","session":"admin","route":"/admin/advisor","method":"GET","url":"https://api.fontshare.com/v2/css?f[]=general-sans@400,500,600,700&display=swap","text":"csp"}
{"type":"console_error","session":"admin","route":"/admin/advisor","text":"Failed to load resource: the server responded with a status of 408 (Offline)"}
{"type":"request_failed","session":"admin","route":"/admin/advisor","method":"GET","url":"https://fonts.gstatic.com/s/jetbrainsmono/v24/tDbv2o-flEEny0FZhsfKu5WU4zr3E_BX0PnT8RD8yKwBNntkaToggR7BYRbKPxDcwgknk-4.woff2","text":"net::ERR_ABORTED"}
{"type":"console_error","session":"admin","route":"/admin/affiliates","text":"Loading the stylesheet 'https://api.fontshare.com/v2/css?f[]=general-sans@400,500,600,700&display=swap' violates the following Content Security Policy directive: \"style-src 'self' 'unsafe-inline' https://fonts.googleapis.com\". Note that 'style-src-elem' was not explicitly set, so 'style-src' is use…"}
{"type":"request_failed","session":"admin","route":"/admin/affiliates","method":"GET","url":"https://api.fontshare.com/v2/css?f[]=general-sans@400,500,600,700&display=swap","text":"csp"}
{"type":"console_error","session":"admin","route":"/admin/affiliates","text":"Failed to load resource: the server responded with a status of 408 (Offline)"}
{"type":"request_failed","session":"admin","route":"/admin/affiliates","method":"GET","url":"https://fonts.gstatic.com/s/jetbrainsmono/v24/tDbv2o-flEEny0FZhsfKu5WU4zr3E_BX0PnT8RD8yKwBNntkaToggR7BYRbKPxDcwgknk-4.woff2","text":"net::ERR_ABORTED"}
{"type":"console_error","session":"admin","route":"/admin/affiliates","text":"Loading the stylesheet 'https://api.fontshare.com/v2/css?f[]=general-sans@400,500,600,700&display=swap' violates the following Content Security Policy directive: \"style-src 'self' 'unsafe-inline' https://fonts.googleapis.com\". Note that 'style-src-elem' was not explicitly set, so 'style-src' is use…"}
{"type":"request_failed","session":"admin","route":"/admin/affiliates","method":"GET","url":"https://api.fontshare.com/v2/css?f[]=general-sans@400,500,600,700&display=swap","text":"csp"}
{"type":"console_error","session":"admin","route":"/admin/affiliates","text":"Loading the stylesheet 'https://api.fontshare.com/v2/css?f[]=general-sans@400,500,600,700&display=swap' violates the following Content Security Policy directive: \"style-src 'self' 'unsafe-inline' https://fonts.googleapis.com\". Note that 'style-src-elem' was not explicitly set, so 'style-src' is use…"}
{"type":"request_failed","session":"admin","route":"/admin/affiliates","method":"GET","url":"https://api.fontshare.com/v2/css?f[]=general-sans@400,500,600,700&display=swap","text":"csp"}
{"type":"console_error","session":"admin","route":"/admin/affiliates","text":"Loading the stylesheet 'https://api.fontshare.com/v2/css?f[]=general-sans@400,500,600,700&display=swap' violates the following Content Security Policy directive: \"style-src 'self' 'unsafe-inline' https://fonts.googleapis.com\". Note that 'style-src-elem' was not explicitly set, so 'style-src' is use…"}
{"type":"request_failed","session":"admin","route":"/admin/affiliates","method":"GET","url":"https://api.fontshare.com/v2/css?f[]=general-sans@400,500,600,700&display=swap","text":"csp"}
{"type":"http_error","session":"admin","route":"/admin/affiliates","status":400,"url":"https://rumdmulxzmjtsplsjngi.supabase.co/auth/v1/token?grant_type=password"}
{"type":"console_error","session":"admin","route":"/admin/affiliates","text":"Failed to load resource: the server responded with a status of 400 ()"}
{"type":"console_error","session":"admin","route":"/admin/affiliates/links","text":"Loading the stylesheet 'https://api.fontshare.com/v2/css?f[]=general-sans@400,500,600,700&display=swap' violates the following Content Security Policy directive: \"style-src 'self' 'unsafe-inline' https://fonts.googleapis.com\". Note that 'style-src-elem' was not explicitly set, so 'style-src' is use…"}
{"type":"request_failed","session":"admin","route":"/admin/affiliates/links","method":"GET","url":"https://api.fontshare.com/v2/css?f[]=general-sans@400,500,600,700&display=swap","text":"csp"}
{"type":"console_error","session":"admin","route":"/admin/affiliates/links","text":"Failed to load resource: the server responded with a status of 408 (Offline)"}
{"type":"request_failed","session":"admin","route":"/admin/affiliates/links","method":"GET","url":"https://fonts.gstatic.com/s/jetbrainsmono/v24/tDbv2o-flEEny0FZhsfKu5WU4zr3E_BX0PnT8RD8yKwBNntkaToggR7BYRbKPxDcwgknk-4.woff2","text":"net::ERR_ABORTED"}
{"type":"console_error","session":"admin","route":"/admin/affiliates/links","text":"Loading the stylesheet 'https://api.fontshare.com/v2/css?f[]=general-sans@400,500,600,700&display=swap' violates the following Content Security Policy directive: \"style-src 'self' 'unsafe-inline' https://fonts.googleapis.com\". Note that 'style-src-elem' was not explicitly set, so 'style-src' is use…"}
{"type":"request_failed","session":"admin","route":"/admin/affiliates/links","method":"GET","url":"https://api.fontshare.com/v2/css?f[]=general-sans@400,500,600,700&display=swap","text":"csp"}
{"type":"console_error","session":"admin","route":"/admin/affiliates/links","text":"Failed to load resource: the server responded with a status of 408 (Offline)"}
{"type":"request_failed","session":"admin","route":"/admin/affiliates/links","method":"GET","url":"https://fonts.gstatic.com/s/jetbrainsmono/v24/tDbv2o-flEEny0FZhsfKu5WU4zr3E_BX0PnT8RD8yKwBNntkaToggR7BYRbKPxDcwgknk-4.woff2","text":"net::ERR_ABORTED"}
{"type":"console_error","session":"admin","route":"/admin/affiliates/links","text":"Loading the stylesheet 'https://api.fontshare.com/v2/css?f[]=general-sans@400,500,600,700&display=swap' violates the following Content Security Policy directive: \"style-src 'self' 'unsafe-inline' https://fonts.googleapis.com\". Note that 'style-src-elem' was not explicitly set, so 'style-src' is use…"}
{"type":"request_failed","session":"admin","route":"/admin/affiliates/links","method":"GET","url":"https://api.fontshare.com/v2/css?f[]=general-sans@400,500,600,700&display=swap","text":"csp"}
{"type":"console_error","session":"admin","route":"/admin/affiliates/links","text":"Failed to load resource: the server responded with a status of 408 (Offline)"}
{"type":"request_failed","session":"admin","route":"/admin/affiliates/links","method":"GET","url":"https://fonts.gstatic.com/s/jetbrainsmono/v24/tDbv2o-flEEny0FZhsfKu5WU4zr3E_BX0PnT8RD8yKwBNntkaToggR7BYRbKPxDcwgknk-4.woff2","text":"net::ERR_ABORTED"}
{"type":"console_error","session":"admin","route":"/admin/analytics","text":"Loading the stylesheet 'https://api.fontshare.com/v2/css?f[]=general-sans@400,500,600,700&display=swap' violates the following Content Security Policy directive: \"style-src 'self' 'unsafe-inline' https://fonts.googleapis.com\". Note that 'style-src-elem' was not explicitly set, so 'style-src' is use…"}
{"type":"request_failed","session":"admin","route":"/admin/analytics","method":"GET","url":"https://api.fontshare.com/v2/css?f[]=general-sans@400,500,600,700&display=swap","text":"csp"}
{"type":"console_error","session":"admin","route":"/admin/analytics","text":"Failed to load resource: the server responded with a status of 408 (Offline)"}
{"type":"request_failed","session":"admin","route":"/admin/analytics","method":"GET","url":"https://fonts.gstatic.com/s/jetbrainsmono/v24/tDbv2o-flEEny0FZhsfKu5WU4zr3E_BX0PnT8RD8yKwBNntkaToggR7BYRbKPxDcwgknk-4.woff2","text":"net::ERR_ABORTED"}
{"type":"console_error","session":"admin","route":"/admin/analytics","text":"Loading the stylesheet 'https://api.fontshare.com/v2/css?f[]=general-sans@400,500,600,700&display=swap' violates the following Content Security Policy directive: \"style-src 'self' 'unsafe-inline' https://fonts.googleapis.com\". Note that 'style-src-elem' was not explicitly set, so 'style-src' is use…"}
{"type":"request_failed","session":"admin","route":"/admin/analytics","method":"GET","url":"https://api.fontshare.com/v2/css?f[]=general-sans@400,500,600,700&display=swap","text":"csp"}
{"type":"console_error","session":"admin","route":"/admin/analytics","text":"Failed to load resource: the server responded with a status of 408 (Offline)"}
{"type":"request_failed","session":"admin","route":"/admin/analytics","method":"GET","url":"https://fonts.gstatic.com/s/jetbrainsmono/v24/tDbv2o-flEEny0FZhsfKu5WU4zr3E_BX0PnT8RD8yKwBNntkaToggR7BYRbKPxDcwgknk-4.woff2","text":"net::ERR_ABORTED"}
{"type":"console_error","session":"admin","route":"/admin/analytics","text":"Loading the stylesheet 'https://api.fontshare.com/v2/css?f[]=general-sans@400,500,600,700&display=swap' violates the following Content Security Policy directive: \"style-src 'self' 'unsafe-inline' https://fonts.googleapis.com\". Note that 'style-src-elem' was not explicitly set, so 'style-src' is use…"}
{"type":"request_failed","session":"admin","route":"/admin/analytics","method":"GET","url":"https://api.fontshare.com/v2/css?f[]=general-sans@400,500,600,700&display=swap","text":"csp"}
{"type":"console_error","session":"admin","route":"/admin/analytics","text":"Failed to load resource: the server responded with a status of 408 (Offline)"}
{"type":"request_failed","session":"admin","route":"/admin/analytics","method":"GET","url":"https://fonts.gstatic.com/s/jetbrainsmono/v24/tDbv2o-flEEny0FZhsfKu5WU4zr3E_BX0PnT8RD8yKwBNntkaToggR7BYRbKPxDcwgknk-4.woff2","text":"net::ERR_ABORTED"}
