{"type":"console_error","session":"brand","route":"/brand/dashboard","text":"Loading the stylesheet 'https://api.fontshare.com/v2/css?f[]=general-sans@400,500,600,700&display=swap' violates the following Content Security Policy directive: \"style-src 'self' 'unsafe-inline' https://fonts.googleapis.com\". Note that 'style-src-elem' was not explicitly set, so 'style-src' is use…"}
{"type":"request_failed","session":"brand","route":"/brand/dashboard","method":"GET","url":"https://api.fontshare.com/v2/css?f[]=general-sans@400,500,600,700&display=swap","text":"csp"}
{"type":"console_error","session":"brand","route":"/brand/dashboard","text":"Failed to load resource: the server responded with a status of 408 (Offline)"}
{"type":"request_failed","session":"brand","route":"/brand/dashboard","method":"GET","url":"https://fonts.gstatic.com/s/jetbrainsmono/v24/tDbv2o-flEEny0FZhsfKu5WU4zr3E_BX0PnT8RD8yKwBNntkaToggR7BYRbKPxDcwgknk-4.woff2","text":"net::ERR_ABORTED"}
{"type":"console_error","session":"brand","route":"/brand/dashboard","text":"Loading the stylesheet 'https://api.fontshare.com/v2/css?f[]=general-sans@400,500,600,700&display=swap' violates the following Content Security Policy directive: \"style-src 'self' 'unsafe-inline' https://fonts.googleapis.com\". Note that 'style-src-elem' was not explicitly set, so 'style-src' is use…"}
{"type":"request_failed","session":"brand","route":"/brand/dashboard","method":"GET","url":"https://api.fontshare.com/v2/css?f[]=general-sans@400,500,600,700&display=swap","text":"csp"}
{"type":"console_error","session":"brand","route":"/brand/dashboard","text":"Loading the stylesheet 'https://api.fontshare.com/v2/css?f[]=general-sans@400,500,600,700&display=swap' violates the following Content Security Policy directive: \"style-src 'self' 'unsafe-inline' https://fonts.googleapis.com\". Note that 'style-src-elem' was not explicitly set, so 'style-src' is use…"}
{"type":"request_failed","session":"brand","route":"/brand/dashboard","method":"GET","url":"https://api.fontshare.com/v2/css?f[]=general-sans@400,500,600,700&display=swap","text":"csp"}
{"type":"console_error","session":"brand","route":"/brand/intelligence","text":"Loading the stylesheet 'https://api.fontshare.com/v2/css?f[]=general-sans@400,500,600,700&display=swap' violates the following Content Security Policy directive: \"style-src 'self' 'unsafe-inline' https://fonts.googleapis.com\". Note that 'style-src-elem' was not explicitly set, so 'style-src' is use…"}
{"type":"request_failed","session":"brand","route":"/brand/intelligence","method":"GET","url":"https://api.fontshare.com/v2/css?f[]=general-sans@400,500,600,700&display=swap","text":"csp"}
{"type":"console_error","session":"brand","route":"/brand/intelligence","text":"Failed to load resource: the server responded with a status of 408 (Offline)"}
{"type":"request_failed","session":"brand","route":"/brand/intelligence","method":"GET","url":"https://fonts.gstatic.com/s/jetbrainsmono/v24/tDbv2o-flEEny0FZhsfKu5WU4zr3E_BX0PnT8RD8yKwBNntkaToggR7BYRbKPxDcwgknk-4.woff2","text":"net::ERR_ABORTED"}
{"type":"console_error","session":"brand","route":"/brand/intelligence","text":"Loading the stylesheet 'https://api.fontshare.com/v2/css?f[]=general-sans@400,500,600,700&display=swap' violates the following Content Security Policy directive: \"style-src 'self' 'unsafe-inline' https://fonts.googleapis.com\". Note that 'style-src-elem' was not explicitly set, so 'style-src' is use…"}
{"type":"request_failed","session":"brand","route":"/brand/intelligence","method":"GET","url":"https://api.fontshare.com/v2/css?f[]=general-sans@400,500,600,700&display=swap","text":"csp"}
{"type":"console_error","session":"brand","route":"/brand/intelligence","text":"Loading the stylesheet 'https://api.fontshare.com/v2/css?f[]=general-sans@400,500,600,700&display=swap' violates the following Content Security Policy directive: \"style-src 'self' 'unsafe-inline' https://fonts.googleapis.com\". Note that 'style-src-elem' was not explicitly set, so 'style-src' is use…"}
{"type":"request_failed","session":"brand","route":"/brand/intelligence","method":"GET","url":"https://api.fontshare.com/v2/css?f[]=general-sans@400,500,600,700&display=swap","text":"csp"}
{"type":"console_error","session":"brand","route":"/brand/products","text":"Loading the stylesheet 'https://api.fontshare.com/v2/css?f[]=general-sans@400,500,600,700&display=swap' violates the following Content Security Policy directive: \"style-src 'self' 'unsafe-inline' https://fonts.googleapis.com\". Note that 'style-src-elem' was not explicitly set, so 'style-src' is use…"}
{"type":"request_failed","session":"brand","route":"/brand/products","method":"GET","url":"https://api.fontshare.com/v2/css?f[]=general-sans@400,500,600,700&display=swap","text":"csp"}
{"type":"console_error","session":"brand","route":"/brand/products","text":"Failed to load resource: the server responded with a status of 408 (Offline)"}
{"type":"request_failed","session":"brand","route":"/brand/products","method":"GET","url":"https://fonts.gstatic.com/s/jetbrainsmono/v24/tDbv2o-flEEny0FZhsfKu5WU4zr3E_BX0PnT8RD8yKwBNntkaToggR7BYRbKPxDcwgknk-4.woff2","text":"net::ERR_ABORTED"}
{"type":"console_error","session":"brand","route":"/brand/products","text":"Loading the stylesheet 'https://api.fontshare.com/v2/css?f[]=general-sans@400,500,600,700&display=swap' violates the following Content Security Policy directive: \"style-src 'self' 'unsafe-inline' https://fonts.googleapis.com\". Note that 'style-src-elem' was not explicitly set, so 'style-src' is use…"}
{"type":"request_failed","session":"brand","route":"/brand/products","method":"GET","url":"https://api.fontshare.com/v2/css?f[]=general-sans@400,500,600,700&display=swap","text":"csp"}
{"type":"console_error","session":"brand","route":"/brand/products","text":"Loading the stylesheet 'https://api.fontshare.com/v2/css?f[]=general-sans@400,500,600,700&display=swap' violates the following Content Security Policy directive: \"style-src 'self' 'unsafe-inline' https://fonts.googleapis.com\". Note that 'style-src-elem' was not explicitly set, so 'style-src' is use…"}
{"type":"request_failed","session":"brand","route":"/brand/products","method":"GET","url":"https://api.fontshare.com/v2/css?f[]=general-sans@400,500,600,700&display=swap","text":"csp"}
{"type":"console_error","session":"brand","route":"/brand/orders","text":"Loading the stylesheet 'https://api.fontshare.com/v2/css?f[]=general-sans@400,500,600,700&display=swap' violates the following Content Security Policy directive: \"style-src 'self' 'unsafe-inline' https://fonts.googleapis.com\". Note that 'style-src-elem' was not explicitly set, so 'style-src' is use…"}
{"type":"request_failed","session":"brand","route":"/brand/orders","method":"GET","url":"https://api.fontshare.com/v2/css?f[]=general-sans@400,500,600,700&display=swap","text":"csp"}
{"type":"console_error","session":"brand","route":"/brand/orders","text":"Failed to load resource: the server responded with a status of 408 (Offline)"}
{"type":"request_failed","session":"brand","route":"/brand/orders","method":"GET","url":"https://fonts.gstatic.com/s/jetbrainsmono/v24/tDbv2o-flEEny0FZhsfKu5WU4zr3E_BX0PnT8RD8yKwBNntkaToggR7BYRbKPxDcwgknk-4.woff2","text":"net::ERR_ABORTED"}
{"type":"console_error","session":"brand","route":"/brand/orders","text":"Loading the stylesheet 'https://api.fontshare.com/v2/css?f[]=general-sans@400,500,600,700&display=swap' violates the following Content Security Policy directive: \"style-src 'self' 'unsafe-inline' https://fonts.googleapis.com\". Note that 'style-src-elem' was not explicitly set, so 'style-src' is use…"}
{"type":"request_failed","session":"brand","route":"/brand/orders","method":"GET","url":"https://api.fontshare.com/v2/css?f[]=general-sans@400,500,600,700&display=swap","text":"csp"}
{"type":"console_error","session":"brand","route":"/brand/orders","text":"Loading the stylesheet 'https://api.fontshare.com/v2/css?f[]=general-sans@400,500,600,700&display=swap' violates the following Content Security Policy directive: \"style-src 'self' 'unsafe-inline' https://fonts.googleapis.com\". Note that 'style-src-elem' was not explicitly set, so 'style-src' is use…"}
{"type":"request_failed","session":"brand","route":"/brand/orders","method":"GET","url":"https://api.fontshare.com/v2/css?f[]=general-sans@400,500,600,700&display=swap","text":"csp"}
{"type":"console_error","session":"brand","route":"/brand/campaigns","text":"Loading the stylesheet 'https://api.fontshare.com/v2/css?f[]=general-sans@400,500,600,700&display=swap' violates the following Content Security Policy directive: \"style-src 'self' 'unsafe-inline' https://fonts.googleapis.com\". Note that 'style-src-elem' was not explicitly set, so 'style-src' is use…"}
{"type":"request_failed","session":"brand","route":"/brand/campaigns","method":"GET","url":"https://api.fontshare.com/v2/css?f[]=general-sans@400,500,600,700&display=swap","text":"csp"}
{"type":"console_error","session":"brand","route":"/brand/campaigns","text":"Failed to load resource: the server responded with a status of 408 (Offline)"}
{"type":"request_failed","session":"brand","route":"/brand/campaigns","method":"GET","url":"https://fonts.gstatic.com/s/jetbrainsmono/v24/tDbv2o-flEEny0FZhsfKu5WU4zr3E_BX0PnT8RD8yKwBNntkaToggR7BYRbKPxDcwgknk-4.woff2","text":"net::ERR_ABORTED"}
{"type":"console_error","session":"brand","route":"/brand/campaigns","text":"Loading the stylesheet 'https://api.fontshare.com/v2/css?f[]=general-sans@400,500,600,700&display=swap' violates the following Content Security Policy directive: \"style-src 'self' 'unsafe-inline' https://fonts.googleapis.com\". Note that 'style-src-elem' was not explicitly set, so 'style-src' is use…"}
{"type":"request_failed","session":"brand","route":"/brand/campaigns","method":"GET","url":"https://api.fontshare.com/v2/css?f[]=general-sans@400,500,600,700&display=swap","text":"csp"}
{"type":"console_error","session":"brand","route":"/brand/campaigns","text":"Loading the stylesheet 'https://api.fontshare.com/v2/css?f[]=general-sans@400,500,600,700&display=swap' violates the following Content Security Policy directive: \"style-src 'self' 'unsafe-inline' https://fonts.googleapis.com\". Note that 'style-src-elem' was not explicitly set, so 'style-src' is use…"}
{"type":"request_failed","session":"brand","route":"/brand/campaigns","method":"GET","url":"https://api.fontshare.com/v2/css?f[]=general-sans@400,500,600,700&display=swap","text":"csp"}
{"type":"console_error","session":"brand","route":"/brand/automations","text":"Loading the stylesheet 'https://api.fontshare.com/v2/css?f[]=general-sans@400,500,600,700&display=swap' violates the following Content Security Policy directive: \"style-src 'self' 'unsafe-inline' https://fonts.googleapis.com\". Note that 'style-src-elem' was not explicitly set, so 'style-src' is use…"}
{"type":"request_failed","session":"brand","route":"/brand/automations","method":"GET","url":"https://api.fontshare.com/v2/css?f[]=general-sans@400,500,600,700&display=swap","text":"csp"}
{"type":"console_error","session":"brand","route":"/brand/automations","text":"Failed to load resource: the server responded with a status of 408 (Offline)"}
{"type":"request_failed","session":"brand","route":"/brand/automations","method":"GET","url":"https://fonts.gstatic.com/s/jetbrainsmono/v24/tDbv2o-flEEny0FZhsfKu5WU4zr3E_BX0PnT8RD8yKwBNntkaToggR7BYRbKPxDcwgknk-4.woff2","text":"net::ERR_ABORTED"}
{"type":"console_error","session":"brand","route":"/brand/automations","text":"Loading the stylesheet 'https://api.fontshare.com/v2/css?f[]=general-sans@400,500,600,700&display=swap' violates the following Content Security Policy directive: \"style-src 'self' 'unsafe-inline' https://fonts.googleapis.com\". Note that 'style-src-elem' was not explicitly set, so 'style-src' is use…"}
{"type":"request_failed","session":"brand","route":"/brand/automations","method":"GET","url":"https://api.fontshare.com/v2/css?f[]=general-sans@400,500,600,700&display=swap","text":"csp"}
{"type":"console_error","session":"brand","route":"/brand/automations","text":"Loading the stylesheet 'https://api.fontshare.com/v2/css?f[]=general-sans@400,500,600,700&display=swap' violates the following Content Security Policy directive: \"style-src 'self' 'unsafe-inline' https://fonts.googleapis.com\". Note that 'style-src-elem' was not explicitly set, so 'style-src' is use…"}
{"type":"request_failed","session":"brand","route":"/brand/automations","method":"GET","url":"https://api.fontshare.com/v2/css?f[]=general-sans@400,500,600,700&display=swap","text":"csp"}
{"type":"console_error","session":"brand","route":"/brand/promotions","text":"Loading the stylesheet 'https://api.fontshare.com/v2/css?f[]=general-sans@400,500,600,700&display=swap' violates the following Content Security Policy directive: \"style-src 'self' 'unsafe-inline' https://fonts.googleapis.com\". Note that 'style-src-elem' was not explicitly set, so 'style-src' is use…"}
{"type":"request_failed","session":"brand","route":"/brand/promotions","method":"GET","url":"https://api.fontshare.com/v2/css?f[]=general-sans@400,500,600,700&display=swap","text":"csp"}
{"type":"console_error","session":"brand","route":"/brand/promotions","text":"Failed to load resource: the server responded with a status of 408 (Offline)"}
{"type":"request_failed","session":"brand","route":"/brand/promotions","method":"GET","url":"https://fonts.gstatic.com/s/jetbrainsmono/v24/tDbv2o-flEEny0FZhsfKu5WU4zr3E_BX0PnT8RD8yKwBNntkaToggR7BYRbKPxDcwgknk-4.woff2","text":"net::ERR_ABORTED"}
{"type":"console_error","session":"brand","route":"/brand/promotions","text":"Loading the stylesheet 'https://api.fontshare.com/v2/css?f[]=general-sans@400,500,600,700&display=swap' violates the following Content Security Policy directive: \"style-src 'self' 'unsafe-inline' https://fonts.googleapis.com\". Note that 'style-src-elem' was not explicitly set, so 'style-src' is use…"}
{"type":"request_failed","session":"brand","route":"/brand/promotions","method":"GET","url":"https://api.fontshare.com/v2/css?f[]=general-sans@400,500,600,700&display=swap","text":"csp"}
{"type":"console_error","session":"brand","route":"/brand/promotions","text":"Loading the stylesheet 'https://api.fontshare.com/v2/css?f[]=general-sans@400,500,600,700&display=swap' violates the following Content Security Policy directive: \"style-src 'self' 'unsafe-inline' https://fonts.googleapis.com\". Note that 'style-src-elem' was not explicitly set, so 'style-src' is use…"}
{"type":"request_failed","session":"brand","route":"/brand/promotions","method":"GET","url":"https://api.fontshare.com/v2/css?f[]=general-sans@400,500,600,700&display=swap","text":"csp"}
{"type":"console_error","session":"brand","route":"/brand/customers","text":"Loading the stylesheet 'https://api.fontshare.com/v2/css?f[]=general-sans@400,500,600,700&display=swap' violates the following Content Security Policy directive: \"style-src 'self' 'unsafe-inline' https://fonts.googleapis.com\". Note that 'style-src-elem' was not explicitly set, so 'style-src' is use…"}
{"type":"request_failed","session":"brand","route":"/brand/customers","method":"GET","url":"https://api.fontshare.com/v2/css?f[]=general-sans@400,500,600,700&display=swap","text":"csp"}
{"type":"console_error","session":"brand","route":"/brand/customers","text":"Failed to load resource: the server responded with a status of 408 (Offline)"}
{"type":"request_failed","session":"brand","route":"/brand/customers","method":"GET","url":"https://fonts.gstatic.com/s/jetbrainsmono/v24/tDbv2o-flEEny0FZhsfKu5WU4zr3E_BX0PnT8RD8yKwBNntkaToggR7BYRbKPxDcwgknk-4.woff2","text":"net::ERR_ABORTED"}
{"type":"console_error","session":"brand","route":"/brand/customers","text":"Loading the stylesheet 'https://api.fontshare.com/v2/css?f[]=general-sans@400,500,600,700&display=swap' violates the following Content Security Policy directive: \"style-src 'self' 'unsafe-inline' https://fonts.googleapis.com\". Note that 'style-src-elem' was not explicitly set, so 'style-src' is use…"}
{"type":"request_failed","session":"brand","route":"/brand/customers","method":"GET","url":"https://api.fontshare.com/v2/css?f[]=general-sans@400,500,600,700&display=swap","text":"csp"}
{"type":"console_error","session":"brand","route":"/brand/customers","text":"Loading the stylesheet 'https://api.fontshare.com/v2/css?f[]=general-sans@400,500,600,700&display=swap' violates the following Content Security Policy directive: \"style-src 'self' 'unsafe-inline' https://fonts.googleapis.com\". Note that 'style-src-elem' was not explicitly set, so 'style-src' is use…"}
{"type":"request_failed","session":"brand","route":"/brand/customers","method":"GET","url":"https://api.fontshare.com/v2/css?f[]=general-sans@400,500,600,700&display=swap","text":"csp"}
{"type":"console_error","session":"brand","route":"/brand/crm/leads","text":"Loading the stylesheet 'https://api.fontshare.com/v2/css?f[]=general-sans@400,500,600,700&display=swap' violates the following Content Security Policy directive: \"style-src 'self' 'unsafe-inline' https://fonts.googleapis.com\". Note that 'style-src-elem' was not explicitly set, so 'style-src' is use…"}
{"type":"request_failed","session":"brand","route":"/brand/crm/leads","method":"GET","url":"https://api.fontshare.com/v2/css?f[]=general-sans@400,500,600,700&display=swap","text":"csp"}
{"type":"console_error","session":"brand","route":"/brand/crm/leads","text":"Failed to load resource: the server responded with a status of 408 (Offline)"}
{"type":"request_failed","session":"brand","route":"/brand/crm/leads","method":"GET","url":"https://fonts.gstatic.com/s/jetbrainsmono/v24/tDbv2o-flEEny0FZhsfKu5WU4zr3E_BX0PnT8RD8yKwBNntkaToggR7BYRbKPxDcwgknk-4.woff2","text":"net::ERR_ABORTED"}
{"type":"console_error","session":"brand","route":"/brand/crm/leads","text":"Loading the stylesheet 'https://api.fontshare.com/v2/css?f[]=general-sans@400,500,600,700&display=swap' violates the following Content Security Policy directive: \"style-src 'self' 'unsafe-inline' https://fonts.googleapis.com\". Note that 'style-src-elem' was not explicitly set, so 'style-src' is use…"}
{"type":"request_failed","session":"brand","route":"/brand/crm/leads","method":"GET","url":"https://api.fontshare.com/v2/css?f[]=general-sans@400,500,600,700&display=swap","text":"csp"}
{"type":"console_error","session":"brand","route":"/brand/crm/leads","text":"Loading the stylesheet 'https://api.fontshare.com/v2/css?f[]=general-sans@400,500,600,700&display=swap' violates the following Content Security Policy directive: \"style-src 'self' 'unsafe-inline' https://fonts.googleapis.com\". Note that 'style-src-elem' was not explicitly set, so 'style-src' is use…"}
{"type":"request_failed","session":"brand","route":"/brand/crm/leads","method":"GET","url":"https://api.fontshare.com/v2/css?f[]=general-sans@400,500,600,700&display=swap","text":"csp"}
{"type":"console_error","session":"brand","route":"/brand/crm/pipeline","text":"Loading the stylesheet 'https://api.fontshare.com/v2/css?f[]=general-sans@400,500,600,700&display=swap' violates the following Content Security Policy directive: \"style-src 'self' 'unsafe-inline' https://fonts.googleapis.com\". Note that 'style-src-elem' was not explicitly set, so 'style-src' is use…"}
{"type":"request_failed","session":"brand","route":"/brand/crm/pipeline","method":"GET","url":"https://api.fontshare.com/v2/css?f[]=general-sans@400,500,600,700&display=swap","text":"csp"}
{"type":"console_error","session":"brand","route":"/brand/crm/pipeline","text":"Failed to load resource: the server responded with a status of 408 (Offline)"}
{"type":"request_failed","session":"brand","route":"/brand/crm/pipeline","method":"GET","url":"https://fonts.gstatic.com/s/jetbrainsmono/v24/tDbv2o-flEEny0FZhsfKu5WU4zr3E_BX0PnT8RD8yKwBNntkaToggR7BYRbKPxDcwgknk-4.woff2","text":"net::ERR_ABORTED"}
{"type":"console_error","session":"brand","route":"/brand/crm/pipeline","text":"Loading the stylesheet 'https://api.fontshare.com/v2/css?f[]=general-sans@400,500,600,700&display=swap' violates the following Content Security Policy directive: \"style-src 'self' 'unsafe-inline' https://fonts.googleapis.com\". Note that 'style-src-elem' was not explicitly set, so 'style-src' is use…"}
{"type":"request_failed","session":"brand","route":"/brand/crm/pipeline","method":"GET","url":"https://api.fontshare.com/v2/css?f[]=general-sans@400,500,600,700&display=swap","text":"csp"}
{"type":"console_error","session":"brand","route":"/brand/crm/pipeline","text":"Loading the stylesheet 'https://api.fontshare.com/v2/css?f[]=general-sans@400,500,600,700&display=swap' violates the following Content Security Policy directive: \"style-src 'self' 'unsafe-inline' https://fonts.googleapis.com\". Note that 'style-src-elem' was not explicitly set, so 'style-src' is use…"}
{"type":"request_failed","session":"brand","route":"/brand/crm/pipeline","method":"GET","url":"https://api.fontshare.com/v2/css?f[]=general-sans@400,500,600,700&display=swap","text":"csp"}
{"type":"console_error","session":"brand","route":"/brand/messages","text":"Loading the stylesheet 'https://api.fontshare.com/v2/css?f[]=general-sans@400,500,600,700&display=swap' violates the following Content Security Policy directive: \"style-src 'self' 'unsafe-inline' https://fonts.googleapis.com\". Note that 'style-src-elem' was not explicitly set, so 'style-src' is use…"}
{"type":"request_failed","session":"brand","route":"/brand/messages","method":"GET","url":"https://api.fontshare.com/v2/css?f[]=general-sans@400,500,600,700&display=swap","text":"csp"}
{"type":"console_error","session":"brand","route":"/brand/messages","text":"Failed to load resource: the server responded with a status of 408 (Offline)"}
{"type":"request_failed","session":"brand","route":"/brand/messages","method":"GET","url":"https://fonts.gstatic.com/s/jetbrainsmono/v24/tDbv2o-flEEny0FZhsfKu5WU4zr3E_BX0PnT8RD8yKwBNntkaToggR7BYRbKPxDcwgknk-4.woff2","text":"net::ERR_ABORTED"}
{"type":"console_error","session":"brand","route":"/brand/messages","text":"Loading the stylesheet 'https://api.fontshare.com/v2/css?f[]=general-sans@400,500,600,700&display=swap' violates the following Content Security Policy directive: \"style-src 'self' 'unsafe-inline' https://fonts.googleapis.com\". Note that 'style-src-elem' was not explicitly set, so 'style-src' is use…"}
{"type":"request_failed","session":"brand","route":"/brand/messages","method":"GET","url":"https://api.fontshare.com/v2/css?f[]=general-sans@400,500,600,700&display=swap","text":"csp"}
{"type":"console_error","session":"brand","route":"/brand/messages","text":"Loading the stylesheet 'https://api.fontshare.com/v2/css?f[]=general-sans@400,500,600,700&display=swap' violates the following Content Security Policy directive: \"style-src 'self' 'unsafe-inline' https://fonts.googleapis.com\". Note that 'style-src-elem' was not explicitly set, so 'style-src' is use…"}
{"type":"request_failed","session":"brand","route":"/brand/messages","method":"GET","url":"https://api.fontshare.com/v2/css?f[]=general-sans@400,500,600,700&display=swap","text":"csp"}
{"type":"console_error","session":"brand","route":"/brand","text":"Loading the stylesheet 'https://api.fontshare.com/v2/css?f[]=general-sans@400,500,600,700&display=swap' violates the following Content Security Policy directive: \"style-src 'self' 'unsafe-inline' https://fonts.googleapis.com\". Note that 'style-src-elem' was not explicitly set, so 'style-src' is use…"}
{"type":"request_failed","session":"brand","route":"/brand","method":"GET","url":"https://api.fontshare.com/v2/css?f[]=general-sans@400,500,600,700&display=swap","text":"csp"}
{"type":"console_error","session":"brand","route":"/brand","text":"Failed to load resource: the server responded with a status of 408 (Offline)"}
{"type":"request_failed","session":"brand","route":"/brand","method":"GET","url":"https://fonts.gstatic.com/s/jetbrainsmono/v24/tDbv2o-flEEny0FZhsfKu5WU4zr3E_BX0PnT8RD8yKwBNntkaToggR7BYRbKPxDcwgknk-4.woff2","text":"net::ERR_ABORTED"}
{"type":"console_error","session":"brand","route":"/brand","text":"Loading the stylesheet 'https://api.fontshare.com/v2/css?f[]=general-sans@400,500,600,700&display=swap' violates the following Content Security Policy directive: \"style-src 'self' 'unsafe-inline' https://fonts.googleapis.com\". Note that 'style-src-elem' was not explicitly set, so 'style-src' is use…"}
{"type":"request_failed","session":"brand","route":"/brand","method":"GET","url":"https://api.fontshare.com/v2/css?f[]=general-sans@400,500,600,700&display=swap","text":"csp"}
{"type":"console_error","session":"brand","route":"/brand","text":"Loading the stylesheet 'https://api.fontshare.com/v2/css?f[]=general-sans@400,500,600,700&display=swap' violates the following Content Security Policy directive: \"style-src 'self' 'unsafe-inline' https://fonts.googleapis.com\". Note that 'style-src-elem' was not explicitly set, so 'style-src' is use…"}
{"type":"request_failed","session":"brand","route":"/brand","method":"GET","url":"https://api.fontshare.com/v2/css?f[]=general-sans@400,500,600,700&display=swap","text":"csp"}
{"type":"console_error","session":"brand","route":"/brand/account","text":"Loading the stylesheet 'https://api.fontshare.com/v2/css?f[]=general-sans@400,500,600,700&display=swap' violates the following Content Security Policy directive: \"style-src 'self' 'unsafe-inline' https://fonts.googleapis.com\". Note that 'style-src-elem' was not explicitly set, so 'style-src' is use…"}
{"type":"request_failed","session":"brand","route":"/brand/account","method":"GET","url":"https://api.fontshare.com/v2/css?f[]=general-sans@400,500,600,700&display=swap","text":"csp"}
{"type":"console_error","session":"brand","route":"/brand/account","text":"Failed to load resource: the server responded with a status of 408 (Offline)"}
{"type":"request_failed","session":"brand","route":"/brand/account","method":"GET","url":"https://fonts.gstatic.com/s/jetbrainsmono/v24/tDbv2o-flEEny0FZhsfKu5WU4zr3E_BX0PnT8RD8yKwBNntkaToggR7BYRbKPxDcwgknk-4.woff2","text":"net::ERR_ABORTED"}
{"type":"console_error","session":"brand","route":"/brand/account","text":"Loading the stylesheet 'https://api.fontshare.com/v2/css?f[]=general-sans@400,500,600,700&display=swap' violates the following Content Security Policy directive: \"style-src 'self' 'unsafe-inline' https://fonts.googleapis.com\". Note that 'style-src-elem' was not explicitly set, so 'style-src' is use…"}
{"type":"request_failed","session":"brand","route":"/brand/account","method":"GET","url":"https://api.fontshare.com/v2/css?f[]=general-sans@400,500,600,700&display=swap","text":"csp"}
{"type":"console_error","session":"brand","route":"/brand/account","text":"Failed to load resource: the server responded with a status of 408 (Offline)"}
{"type":"request_failed","session":"brand","route":"/brand/account","method":"GET","url":"https://fonts.gstatic.com/s/jetbrainsmono/v24/tDbv2o-flEEny0FZhsfKu5WU4zr3E_BX0PnT8RD8yKwBNntkaToggR7BYRbKPxDcwgknk-4.woff2","text":"net::ERR_ABORTED"}
{"type":"console_error","session":"brand","route":"/brand/account","text":"Loading the stylesheet 'https://api.fontshare.com/v2/css?f[]=general-sans@400,500,600,700&display=swap' violates the following Content Security Policy directive: \"style-src 'self' 'unsafe-inline' https://fonts.googleapis.com\". Note that 'style-src-elem' was not explicitly set, so 'style-src' is use…"}
{"type":"request_failed","session":"brand","route":"/brand/account","method":"GET","url":"https://api.fontshare.com/v2/css?f[]=general-sans@400,500,600,700&display=swap","text":"csp"}
{"type":"console_error","session":"brand","route":"/brand/account","text":"Failed to load resource: the server responded with a status of 408 (Offline)"}
{"type":"request_failed","session":"brand","route":"/brand/account","method":"GET","url":"https://fonts.gstatic.com/s/jetbrainsmono/v24/tDbv2o-flEEny0FZhsfKu5WU4zr3E_BX0PnT8RD8yKwBNntkaToggR7BYRbKPxDcwgknk-4.woff2","text":"net::ERR_ABORTED"}
{"type":"console_error","session":"brand","route":"/brand/advisor","text":"Loading the stylesheet 'https://api.fontshare.com/v2/css?f[]=general-sans@400,500,600,700&display=swap' violates the following Content Security Policy directive: \"style-src 'self' 'unsafe-inline' https://fonts.googleapis.com\". Note that 'style-src-elem' was not explicitly set, so 'style-src' is use…"}
{"type":"request_failed","session":"brand","route":"/brand/advisor","method":"GET","url":"https://api.fontshare.com/v2/css?f[]=general-sans@400,500,600,700&display=swap","text":"csp"}
{"type":"console_error","session":"brand","route":"/brand/advisor","text":"Failed to load resource: the server responded with a status of 408 (Offline)"}
{"type":"request_failed","session":"brand","route":"/brand/advisor","method":"GET","url":"https://fonts.gstatic.com/s/jetbrainsmono/v24/tDbv2o-flEEny0FZhsfKu5WU4zr3E_BX0PnT8RD8yKwBNntkaToggR7BYRbKPxDcwgknk-4.woff2","text":"net::ERR_ABORTED"}
{"type":"console_error","session":"brand","route":"/brand/advisor","text":"Loading the stylesheet 'https://api.fontshare.com/v2/css?f[]=general-sans@400,500,600,700&display=swap' violates the following Content Security Policy directive: \"style-src 'self' 'unsafe-inline' https://fonts.googleapis.com\". Note that 'style-src-elem' was not explicitly set, so 'style-src' is use…"}
{"type":"request_failed","session":"brand","route":"/brand/advisor","method":"GET","url":"https://api.fontshare.com/v2/css?f[]=general-sans@400,500,600,700&display=swap","text":"csp"}
{"type":"console_error","session":"brand","route":"/brand/advisor","text":"Loading the stylesheet 'https://api.fontshare.com/v2/css?f[]=general-sans@400,500,600,700&display=swap' violates the following Content Security Policy directive: \"style-src 'self' 'unsafe-inline' https://fonts.googleapis.com\". Note that 'style-src-elem' was not explicitly set, so 'style-src' is use…"}
{"type":"request_failed","session":"brand","route":"/brand/advisor","method":"GET","url":"https://api.fontshare.com/v2/css?f[]=general-sans@400,500,600,700&display=swap","text":"csp"}
{"type":"console_error","session":"brand","route":"/brand/affiliates","text":"Loading the stylesheet 'https://api.fontshare.com/v2/css?f[]=general-sans@400,500,600,700&display=swap' violates the following Content Security Policy directive: \"style-src 'self' 'unsafe-inline' https://fonts.googleapis.com\". Note that 'style-src-elem' was not explicitly set, so 'style-src' is use…"}
{"type":"request_failed","session":"brand","route":"/brand/affiliates","method":"GET","url":"https://api.fontshare.com/v2/css?f[]=general-sans@400,500,600,700&display=swap","text":"csp"}
{"type":"console_error","session":"brand","route":"/brand/affiliates","text":"Failed to load resource: the server responded with a status of 408 (Offline)"}
{"type":"request_failed","session":"brand","route":"/brand/affiliates","method":"GET","url":"https://fonts.gstatic.com/s/jetbrainsmono/v24/tDbv2o-flEEny0FZhsfKu5WU4zr3E_BX0PnT8RD8yKwBNntkaToggR7BYRbKPxDcwgknk-4.woff2","text":"net::ERR_ABORTED"}
{"type":"console_error","session":"brand","route":"/brand/affiliates","text":"Loading the stylesheet 'https://api.fontshare.com/v2/css?f[]=general-sans@400,500,600,700&display=swap' violates the following Content Security Policy directive: \"style-src 'self' 'unsafe-inline' https://fonts.googleapis.com\". Note that 'style-src-elem' was not explicitly set, so 'style-src' is use…"}
{"type":"request_failed","session":"brand","route":"/brand/affiliates","method":"GET","url":"https://api.fontshare.com/v2/css?f[]=general-sans@400,500,600,700&display=swap","text":"csp"}
{"type":"console_error","session":"brand","route":"/brand/affiliates","text":"Failed to load resource: the server responded with a status of 408 (Offline)"}
{"type":"request_failed","session":"brand","route":"/brand/affiliates","method":"GET","url":"https://fonts.gstatic.com/s/jetbrainsmono/v24/tDbv2o-flEEny0FZhsfKu5WU4zr3E_BX0PnT8RD8yKwBNntkaToggR7BYRbKPxDcwgknk-4.woff2","text":"net::ERR_ABORTED"}
{"type":"console_error","session":"brand","route":"/brand/affiliates","text":"Loading the stylesheet 'https://api.fontshare.com/v2/css?f[]=general-sans@400,500,600,700&display=swap' violates the following Content Security Policy directive: \"style-src 'self' 'unsafe-inline' https://fonts.googleapis.com\". Note that 'style-src-elem' was not explicitly set, so 'style-src' is use…"}
{"type":"request_failed","session":"brand","route":"/brand/affiliates","method":"GET","url":"https://api.fontshare.com/v2/css?f[]=general-sans@400,500,600,700&display=swap","text":"csp"}
{"type":"console_error","session":"brand","route":"/brand/affiliates","text":"Failed to load resource: the server responded with a status of 408 (Offline)"}
{"type":"request_failed","session":"brand","route":"/brand/affiliates","method":"GET","url":"https://fonts.gstatic.com/s/jetbrainsmono/v24/tDbv2o-flEEny0FZhsfKu5WU4zr3E_BX0PnT8RD8yKwBNntkaToggR7BYRbKPxDcwgknk-4.woff2","text":"net::ERR_ABORTED"}
{"type":"console_error","session":"brand","route":"/brand/affiliates/links","text":"Loading the stylesheet 'https://api.fontshare.com/v2/css?f[]=general-sans@400,500,600,700&display=swap' violates the following Content Security Policy directive: \"style-src 'self' 'unsafe-inline' https://fonts.googleapis.com\". Note that 'style-src-elem' was not explicitly set, so 'style-src' is use…"}
{"type":"request_failed","session":"brand","route":"/brand/affiliates/links","method":"GET","url":"https://api.fontshare.com/v2/css?f[]=general-sans@400,500,600,700&display=swap","text":"csp"}
{"type":"console_error","session":"brand","route":"/brand/affiliates/links","text":"Failed to load resource: the server responded with a status of 408 (Offline)"}
{"type":"request_failed","session":"brand","route":"/brand/affiliates/links","method":"GET","url":"https://fonts.gstatic.com/s/jetbrainsmono/v24/tDbv2o-flEEny0FZhsfKu5WU4zr3E_BX0PnT8RD8yKwBNntkaToggR7BYRbKPxDcwgknk-4.woff2","text":"net::ERR_ABORTED"}
{"type":"console_error","session":"brand","route":"/brand/affiliates/links","text":"Loading the stylesheet 'https://api.fontshare.com/v2/css?f[]=general-sans@400,500,600,700&display=swap' violates the following Content Security Policy directive: \"style-src 'self' 'unsafe-inline' https://fonts.googleapis.com\". Note that 'style-src-elem' was not explicitly set, so 'style-src' is use…"}
{"type":"request_failed","session":"brand","route":"/brand/affiliates/links","method":"GET","url":"https://api.fontshare.com/v2/css?f[]=general-sans@400,500,600,700&display=swap","text":"csp"}
{"type":"console_error","session":"brand","route":"/brand/affiliates/links","text":"Failed to load resource: the server responded with a status of 408 (Offline)"}
{"type":"request_failed","session":"brand","route":"/brand/affiliates/links","method":"GET","url":"https://fonts.gstatic.com/s/jetbrainsmono/v24/tDbv2o-flEEny0FZhsfKu5WU4zr3E_BX0PnT8RD8yKwBNntkaToggR7BYRbKPxDcwgknk-4.woff2","text":"net::ERR_ABORTED"}
{"type":"console_error","session":"brand","route":"/brand/affiliates/links","text":"Loading the stylesheet 'https://api.fontshare.com/v2/css?f[]=general-sans@400,500,600,700&display=swap' violates the following Content Security Policy directive: \"style-src 'self' 'unsafe-inline' https://fonts.googleapis.com\". Note that 'style-src-elem' was not explicitly set, so 'style-src' is use…"}
{"type":"request_failed","session":"brand","route":"/brand/affiliates/links","method":"GET","url":"https://api.fontshare.com/v2/css?f[]=general-sans@400,500,600,700&display=swap","text":"csp"}
{"type":"console_error","session":"brand","route":"/brand/affiliates/links","text":"Failed to load resource: the server responded with a status of 408 (Offline)"}
{"type":"request_failed","session":"brand","route":"/brand/affiliates/links","method":"GET","url":"https://fonts.gstatic.com/s/jetbrainsmono/v24/tDbv2o-flEEny0FZhsfKu5WU4zr3E_BX0PnT8RD8yKwBNntkaToggR7BYRbKPxDcwgknk-4.woff2","text":"net::ERR_ABORTED"}
{"type":"console_error","session":"brand","route":"/brand/analytics","text":"Loading the stylesheet 'https://api.fontshare.com/v2/css?f[]=general-sans@400,500,600,700&display=swap' violates the following Content Security Policy directive: \"style-src 'self' 'unsafe-inline' https://fonts.googleapis.com\". Note that 'style-src-elem' was not explicitly set, so 'style-src' is use…"}
{"type":"request_failed","session":"brand","route":"/brand/analytics","method":"GET","url":"https://api.fontshare.com/v2/css?f[]=general-sans@400,500,600,700&display=swap","text":"csp"}
{"type":"console_error","session":"brand","route":"/brand/analytics","text":"Failed to load resource: the server responded with a status of 408 (Offline)"}
{"type":"request_failed","session":"brand","route":"/brand/analytics","method":"GET","url":"https://fonts.gstatic.com/s/jetbrainsmono/v24/tDbv2o-flEEny0FZhsfKu5WU4zr3E_BX0PnT8RD8yKwBNntkaToggR7BYRbKPxDcwgknk-4.woff2","text":"net::ERR_ABORTED"}
{"type":"console_error","session":"brand","route":"/brand/analytics","text":"Loading the stylesheet 'https://api.fontshare.com/v2/css?f[]=general-sans@400,500,600,700&display=swap' violates the following Content Security Policy directive: \"style-src 'self' 'unsafe-inline' https://fonts.googleapis.com\". Note that 'style-src-elem' was not explicitly set, so 'style-src' is use…"}
{"type":"request_failed","session":"brand","route":"/brand/analytics","method":"GET","url":"https://api.fontshare.com/v2/css?f[]=general-sans@400,500,600,700&display=swap","text":"csp"}
{"type":"console_error","session":"brand","route":"/brand/analytics","text":"Failed to load resource: the server responded with a status of 408 (Offline)"}
{"type":"request_failed","session":"brand","route":"/brand/analytics","method":"GET","url":"https://fonts.gstatic.com/s/jetbrainsmono/v24/tDbv2o-flEEny0FZhsfKu5WU4zr3E_BX0PnT8RD8yKwBNntkaToggR7BYRbKPxDcwgknk-4.woff2","text":"net::ERR_ABORTED"}
{"type":"console_error","session":"brand","route":"/brand/analytics","text":"Loading the stylesheet 'https://api.fontshare.com/v2/css?f[]=general-sans@400,500,600,700&display=swap' violates the following Content Security Policy directive: \"style-src 'self' 'unsafe-inline' https://fonts.googleapis.com\". Note that 'style-src-elem' was not explicitly set, so 'style-src' is use…"}
{"type":"request_failed","session":"brand","route":"/brand/analytics","method":"GET","url":"https://api.fontshare.com/v2/css?f[]=general-sans@400,500,600,700&display=swap","text":"csp"}
{"type":"console_error","session":"brand","route":"/brand/analytics","text":"Failed to load resource: the server responded with a status of 408 (Offline)"}
{"type":"request_failed","session":"brand","route":"/brand/analytics","method":"GET","url":"https://fonts.gstatic.com/s/jetbrainsmono/v24/tDbv2o-flEEny0FZhsfKu5WU4zr3E_BX0PnT8RD8yKwBNntkaToggR7BYRbKPxDcwgknk-4.woff2","text":"net::ERR_ABORTED"}
{"type":"console_error","session":"brand","route":"/brand/api","text":"Loading the stylesheet 'https://api.fontshare.com/v2/css?f[]=general-sans@400,500,600,700&display=swap' violates the following Content Security Policy directive: \"style-src 'self' 'unsafe-inline' https://fonts.googleapis.com\". Note that 'style-src-elem' was not explicitly set, so 'style-src' is use…"}
{"type":"request_failed","session":"brand","route":"/brand/api","method":"GET","url":"https://api.fontshare.com/v2/css?f[]=general-sans@400,500,600,700&display=swap","text":"csp"}
{"type":"console_error","session":"brand","route":"/brand/api","text":"Failed to load resource: the server responded with a status of 408 (Offline)"}
{"type":"request_failed","session":"brand","route":"/brand/api","method":"GET","url":"https://fonts.gstatic.com/s/jetbrainsmono/v24/tDbv2o-flEEny0FZhsfKu5WU4zr3E_BX0PnT8RD8yKwBNntkaToggR7BYRbKPxDcwgknk-4.woff2","text":"net::ERR_ABORTED"}
{"type":"console_error","session":"brand","route":"/brand/api","text":"Loading the stylesheet 'https://api.fontshare.com/v2/css?f[]=general-sans@400,500,600,700&display=swap' violates the following Content Security Policy directive: \"style-src 'self' 'unsafe-inline' https://fonts.googleapis.com\". Note that 'style-src-elem' was not explicitly set, so 'style-src' is use…"}
{"type":"request_failed","session":"brand","route":"/brand/api","method":"GET","url":"https://api.fontshare.com/v2/css?f[]=general-sans@400,500,600,700&display=swap","text":"csp"}
{"type":"console_error","session":"brand","route":"/brand/api","text":"Failed to load resource: the server responded with a status of 408 (Offline)"}
{"type":"request_failed","session":"brand","route":"/brand/api","method":"GET","url":"https://fonts.gstatic.com/s/jetbrainsmono/v24/tDbv2o-flEEny0FZhsfKu5WU4zr3E_BX0PnT8RD8yKwBNntkaToggR7BYRbKPxDcwgknk-4.woff2","text":"net::ERR_ABORTED"}
{"type":"console_error","session":"brand","route":"/brand/api","text":"Loading the stylesheet 'https://api.fontshare.com/v2/css?f[]=general-sans@400,500,600,700&display=swap' violates the following Content Security Policy directive: \"style-src 'self' 'unsafe-inline' https://fonts.googleapis.com\". Note that 'style-src-elem' was not explicitly set, so 'style-src' is use…"}
{"type":"request_failed","session":"brand","route":"/brand/api","method":"GET","url":"https://api.fontshare.com/v2/css?f[]=general-sans@400,500,600,700&display=swap","text":"csp"}
{"type":"console_error","session":"brand","route":"/brand/api","text":"Failed to load resource: the server responded with a status of 408 (Offline)"}
{"type":"request_failed","session":"brand","route":"/brand/api","method":"GET","url":"https://fonts.gstatic.com/s/jetbrainsmono/v24/tDbv2o-flEEny0FZhsfKu5WU4zr3E_BX0PnT8RD8yKwBNntkaToggR7BYRbKPxDcwgknk-4.woff2","text":"net::ERR_ABORTED"}
{"type":"console_error","session":"brand","route":"/brand/api-control","text":"Loading the stylesheet 'https://api.fontshare.com/v2/css?f[]=general-sans@400,500,600,700&display=swap' violates the following Content Security Policy directive: \"style-src 'self' 'unsafe-inline' https://fonts.googleapis.com\". Note that 'style-src-elem' was not explicitly set, so 'style-src' is use…"}
{"type":"request_failed","session":"brand","route":"/brand/api-control","method":"GET","url":"https://api.fontshare.com/v2/css?f[]=general-sans@400,500,600,700&display=swap","text":"csp"}
{"type":"console_error","session":"brand","route":"/brand/api-control","text":"Failed to load resource: the server responded with a status of 408 (Offline)"}
{"type":"request_failed","session":"brand","route":"/brand/api-control","method":"GET","url":"https://fonts.gstatic.com/s/jetbrainsmono/v24/tDbv2o-flEEny0FZhsfKu5WU4zr3E_BX0PnT8RD8yKwBNntkaToggR7BYRbKPxDcwgknk-4.woff2","text":"net::ERR_ABORTED"}
{"type":"console_error","session":"brand","route":"/brand/api-control","text":"Loading the stylesheet 'https://api.fontshare.com/v2/css?f[]=general-sans@400,500,600,700&display=swap' violates the following Content Security Policy directive: \"style-src 'self' 'unsafe-inline' https://fonts.googleapis.com\". Note that 'style-src-elem' was not explicitly set, so 'style-src' is use…"}
{"type":"request_failed","session":"brand","route":"/brand/api-control","method":"GET","url":"https://api.fontshare.com/v2/css?f[]=general-sans@400,500,600,700&display=swap","text":"csp"}
{"type":"console_error","session":"brand","route":"/brand/api-control","text":"Failed to load resource: the server responded with a status of 408 (Offline)"}
{"type":"request_failed","session":"brand","route":"/brand/api-control","method":"GET","url":"https://fonts.gstatic.com/s/jetbrainsmono/v24/tDbv2o-flEEny0FZhsfKu5WU4zr3E_BX0PnT8RD8yKwBNntkaToggR7BYRbKPxDcwgknk-4.woff2","text":"net::ERR_ABORTED"}
{"type":"console_error","session":"brand","route":"/brand/api-control","text":"Loading the stylesheet 'https://api.fontshare.com/v2/css?f[]=general-sans@400,500,600,700&display=swap' violates the following Content Security Policy directive: \"style-src 'self' 'unsafe-inline' https://fonts.googleapis.com\". Note that 'style-src-elem' was not explicitly set, so 'style-src' is use…"}
{"type":"request_failed","session":"brand","route":"/brand/api-control","method":"GET","url":"https://api.fontshare.com/v2/css?f[]=general-sans@400,500,600,700&display=swap","text":"csp"}
{"type":"console_error","session":"brand","route":"/brand/api-control","text":"Failed to load resource: the server responded with a status of 408 (Offline)"}
{"type":"request_failed","session":"brand","route":"/brand/api-control","method":"GET","url":"https://fonts.gstatic.com/s/jetbrainsmono/v24/tDbv2o-flEEny0FZhsfKu5WU4zr3E_BX0PnT8RD8yKwBNntkaToggR7BYRbKPxDcwgknk-4.woff2","text":"net::ERR_ABORTED"}
{"type":"console_error","session":"brand","route":"/brand/api-controls","text":"Loading the stylesheet 'https://api.fontshare.com/v2/css?f[]=general-sans@400,500,600,700&display=swap' violates the following Content Security Policy directive: \"style-src 'self' 'unsafe-inline' https://fonts.googleapis.com\". Note that 'style-src-elem' was not explicitly set, so 'style-src' is use…"}
{"type":"request_failed","session":"brand","route":"/brand/api-controls","method":"GET","url":"https://api.fontshare.com/v2/css?f[]=general-sans@400,500,600,700&display=swap","text":"csp"}
{"type":"console_error","session":"brand","route":"/brand/api-controls","text":"Failed to load resource: the server responded with a status of 408 (Offline)"}
{"type":"request_failed","session":"brand","route":"/brand/api-controls","method":"GET","url":"https://fonts.gstatic.com/s/jetbrainsmono/v24/tDbv2o-flEEny0FZhsfKu5WU4zr3E_BX0PnT8RD8yKwBNntkaToggR7BYRbKPxDcwgknk-4.woff2","text":"net::ERR_ABORTED"}
{"type":"console_error","session":"brand","route":"/brand/api-controls","text":"Loading the stylesheet 'https://api.fontshare.com/v2/css?f[]=general-sans@400,500,600,700&display=swap' violates the following Content Security Policy directive: \"style-src 'self' 'unsafe-inline' https://fonts.googleapis.com\". Note that 'style-src-elem' was not explicitly set, so 'style-src' is use…"}
{"type":"request_failed","session":"brand","route":"/brand/api-controls","method":"GET","url":"https://api.fontshare.com/v2/css?f[]=general-sans@400,500,600,700&display=swap","text":"csp"}
{"type":"console_error","session":"brand","route":"/brand/api-controls","text":"Failed to load resource: the server responded with a status of 408 (Offline)"}
{"type":"request_failed","session":"brand","route":"/brand/api-controls","method":"GET","url":"https://fonts.gstatic.com/s/jetbrainsmono/v24/tDbv2o-flEEny0FZhsfKu5WU4zr3E_BX0PnT8RD8yKwBNntkaToggR7BYRbKPxDcwgknk-4.woff2","text":"net::ERR_ABORTED"}
{"type":"console_error","session":"brand","route":"/brand/api-controls","text":"Loading the stylesheet 'https://api.fontshare.com/v2/css?f[]=general-sans@400,500,600,700&display=swap' violates the following Content Security Policy directive: \"style-src 'self' 'unsafe-inline' https://fonts.googleapis.com\". Note that 'style-src-elem' was not explicitly set, so 'style-src' is use…"}
{"type":"request_failed","session":"brand","route":"/brand/api-controls","method":"GET","url":"https://api.fontshare.com/v2/css?f[]=general-sans@400,500,600,700&display=swap","text":"csp"}
{"type":"console_error","session":"brand","route":"/brand/api-controls","text":"Failed to load resource: the server responded with a status of 408 (Offline)"}
{"type":"request_failed","session":"brand","route":"/brand/api-controls","method":"GET","url":"https://fonts.gstatic.com/s/jetbrainsmono/v24/tDbv2o-flEEny0FZhsfKu5WU4zr3E_BX0PnT8RD8yKwBNntkaToggR7BYRbKPxDcwgknk-4.woff2","text":"net::ERR_ABORTED"}
{"type":"console_error","session":"brand","route":"/brand/api-sitemap","text":"Loading the stylesheet 'https://api.fontshare.com/v2/css?f[]=general-sans@400,500,600,700&display=swap' violates the following Content Security Policy directive: \"style-src 'self' 'unsafe-inline' https://fonts.googleapis.com\". Note that 'style-src-elem' was not explicitly set, so 'style-src' is use…"}
{"type":"request_failed","session":"brand","route":"/brand/api-sitemap","method":"GET","url":"https://api.fontshare.com/v2/css?f[]=general-sans@400,500,600,700&display=swap","text":"csp"}
{"type":"console_error","session":"brand","route":"/brand/api-sitemap","text":"Failed to load resource: the server responded with a status of 408 (Offline)"}
{"type":"request_failed","session":"brand","route":"/brand/api-sitemap","method":"GET","url":"https://fonts.gstatic.com/s/jetbrainsmono/v24/tDbv2o-flEEny0FZhsfKu5WU4zr3E_BX0PnT8RD8yKwBNntkaToggR7BYRbKPxDcwgknk-4.woff2","text":"net::ERR_ABORTED"}
{"type":"console_error","session":"brand","route":"/brand/api-sitemap","text":"Loading the stylesheet 'https://api.fontshare.com/v2/css?f[]=general-sans@400,500,600,700&display=swap' violates the following Content Security Policy directive: \"style-src 'self' 'unsafe-inline' https://fonts.googleapis.com\". Note that 'style-src-elem' was not explicitly set, so 'style-src' is use…"}
{"type":"request_failed","session":"brand","route":"/brand/api-sitemap","method":"GET","url":"https://api.fontshare.com/v2/css?f[]=general-sans@400,500,600,700&display=swap","text":"csp"}
{"type":"console_error","session":"brand","route":"/brand/api-sitemap","text":"Failed to load resource: the server responded with a status of 408 (Offline)"}
{"type":"request_failed","session":"brand","route":"/brand/api-sitemap","method":"GET","url":"https://fonts.gstatic.com/s/jetbrainsmono/v24/tDbv2o-flEEny0FZhsfKu5WU4zr3E_BX0PnT8RD8yKwBNntkaToggR7BYRbKPxDcwgknk-4.woff2","text":"net::ERR_ABORTED"}
{"type":"console_error","session":"brand","route":"/brand/api-sitemap","text":"Loading the stylesheet 'https://api.fontshare.com/v2/css?f[]=general-sans@400,500,600,700&display=swap' violates the following Content Security Policy directive: \"style-src 'self' 'unsafe-inline' https://fonts.googleapis.com\". Note that 'style-src-elem' was not explicitly set, so 'style-src' is use…"}
{"type":"request_failed","session":"brand","route":"/brand/api-sitemap","method":"GET","url":"https://api.fontshare.com/v2/css?f[]=general-sans@400,500,600,700&display=swap","text":"csp"}
{"type":"console_error","session":"brand","route":"/brand/api-sitemap","text":"Failed to load resource: the server responded with a status of 408 (Offline)"}
{"type":"request_failed","session":"brand","route":"/brand/api-sitemap","method":"GET","url":"https://fonts.gstatic.com/s/jetbrainsmono/v24/tDbv2o-flEEny0FZhsfKu5WU4zr3E_BX0PnT8RD8yKwBNntkaToggR7BYRbKPxDcwgknk-4.woff2","text":"net::ERR_ABORTED"}
{"type":"console_error","session":"brand","route":"/brand/apply","text":"Loading the stylesheet 'https://api.fontshare.com/v2/css?f[]=general-sans@400,500,600,700&display=swap' violates the following Content Security Policy directive: \"style-src 'self' 'unsafe-inline' https://fonts.googleapis.com\". Note that 'style-src-elem' was not explicitly set, so 'style-src' is use…"}
{"type":"request_failed","session":"brand","route":"/brand/apply","method":"GET","url":"https://api.fontshare.com/v2/css?f[]=general-sans@400,500,600,700&display=swap","text":"csp"}
{"type":"console_error","session":"brand","route":"/brand/apply","text":"Failed to load resource: the server responded with a status of 408 (Offline)"}
{"type":"request_failed","session":"brand","route":"/brand/apply","method":"GET","url":"https://fonts.gstatic.com/s/jetbrainsmono/v24/tDbv2o-flEEny0FZhsfKu5WU4zr3E_BX0PnT8RD8yKwBNntkaToggR7BYRbKPxDcwgknk-4.woff2","text":"net::ERR_ABORTED"}
{"type":"console_error","session":"brand","route":"/brand/apply","text":"Loading the stylesheet 'https://api.fontshare.com/v2/css?f[]=general-sans@400,500,600,700&display=swap' violates the following Content Security Policy directive: \"style-src 'self' 'unsafe-inline' https://fonts.googleapis.com\". Note that 'style-src-elem' was not explicitly set, so 'style-src' is use…"}
{"type":"request_failed","session":"brand","route":"/brand/apply","method":"GET","url":"https://api.fontshare.com/v2/css?f[]=general-sans@400,500,600,700&display=swap","text":"csp"}
{"type":"console_error","session":"brand","route":"/brand/apply","text":"Loading the stylesheet 'https://api.fontshare.com/v2/css?f[]=general-sans@400,500,600,700&display=swap' violates the following Content Security Policy directive: \"style-src 'self' 'unsafe-inline' https://fonts.googleapis.com\". Note that 'style-src-elem' was not explicitly set, so 'style-src' is use…"}
{"type":"request_failed","session":"brand","route":"/brand/apply","method":"GET","url":"https://api.fontshare.com/v2/css?f[]=general-sans@400,500,600,700&display=swap","text":"csp"}
