{"type":"console_error","session":"admin","route":"/admin/dashboard","text":"Loading the stylesheet 'https://api.fontshare.com/v2/css?f[]=general-sans@400,500,600,700&display=swap' violates the following Content Security Policy directive: \"style-src 'self' 'unsafe-inline' https://fonts.googleapis.com\". Note that 'style-src-elem' was not explicitly set, so 'style-src' is use…"}
{"type":"request_failed","session":"admin","route":"/admin/dashboard","method":"GET","url":"https://api.fontshare.com/v2/css?f[]=general-sans@400,500,600,700&display=swap","text":"csp"}
{"type":"console_error","session":"admin","route":"/admin/dashboard","text":"Failed to load resource: the server responded with a status of 408 (Offline)"}
{"type":"request_failed","session":"admin","route":"/admin/dashboard","method":"GET","url":"https://fonts.gstatic.com/s/jetbrainsmono/v24/tDbv2o-flEEny0FZhsfKu5WU4zr3E_BX0PnT8RD8yKwBNntkaToggR7BYRbKPxDcwgknk-4.woff2","text":"net::ERR_ABORTED"}
{"type":"console_error","session":"admin","route":"/admin/dashboard","text":"Loading the stylesheet 'https://api.fontshare.com/v2/css?f[]=general-sans@400,500,600,700&display=swap' violates the following Content Security Policy directive: \"style-src 'self' 'unsafe-inline' https://fonts.googleapis.com\". Note that 'style-src-elem' was not explicitly set, so 'style-src' is use…"}
{"type":"request_failed","session":"admin","route":"/admin/dashboard","method":"GET","url":"https://api.fontshare.com/v2/css?f[]=general-sans@400,500,600,700&display=swap","text":"csp"}
{"type":"console_error","session":"admin","route":"/admin/dashboard","text":"Loading the stylesheet 'https://api.fontshare.com/v2/css?f[]=general-sans@400,500,600,700&display=swap' violates the following Content Security Policy directive: \"style-src 'self' 'unsafe-inline' https://fonts.googleapis.com\". Note that 'style-src-elem' was not explicitly set, so 'style-src' is use…"}
{"type":"request_failed","session":"admin","route":"/admin/dashboard","method":"GET","url":"https://api.fontshare.com/v2/css?f[]=general-sans@400,500,600,700&display=swap","text":"csp"}
{"type":"console_error","session":"admin","route":"/admin/dashboard","text":"Loading the stylesheet 'https://api.fontshare.com/v2/css?f[]=general-sans@400,500,600,700&display=swap' violates the following Content Security Policy directive: \"style-src 'self' 'unsafe-inline' https://fonts.googleapis.com\". Note that 'style-src-elem' was not explicitly set, so 'style-src' is use…"}
{"type":"request_failed","session":"admin","route":"/admin/dashboard","method":"GET","url":"https://api.fontshare.com/v2/css?f[]=general-sans@400,500,600,700&display=swap","text":"csp"}
{"type":"http_error","session":"admin","route":"/admin/dashboard","status":404,"url":"https://rumdmulxzmjtsplsjngi.supabase.co/rest/v1/account_module_access?select=module_key%2Caccess_type%2Cexpires_at%2Cgranted_at&account_id=eq.70d017ef-3ff0-4da0-b0e0-b5a06376d350&is_active=eq.true"}
{"type":"console_error","session":"admin","route":"/admin/dashboard","text":"Failed to load resource: the server responded with a status of 404 ()"}
{"type":"request_failed","session":"admin","route":"/admin/dashboard","method":"GET","url":"https://rumdmulxzmjtsplsjngi.supabase.co/rest/v1/subscriptions?select=status%2Cplan_id&user_id=eq.70d017ef-3ff0-4da0-b0e0-b5a06376d350&status=in.%28active%2Ctrialing%29&order=created_at.desc&limit=1","text":"net::ERR_ABORTED"}
{"type":"console_error","session":"admin","route":"/admin/dashboard","text":"Loading the stylesheet 'https://api.fontshare.com/v2/css?f[]=general-sans@400,500,600,700&display=swap' violates the following Content Security Policy directive: \"style-src 'self' 'unsafe-inline' https://fonts.googleapis.com\". Note that 'style-src-elem' was not explicitly set, so 'style-src' is use…"}
{"type":"request_failed","session":"admin","route":"/admin/dashboard","method":"GET","url":"https://api.fontshare.com/v2/css?f[]=general-sans@400,500,600,700&display=swap","text":"csp"}
{"type":"console_error","session":"admin","route":"/admin/brands","text":"Loading the stylesheet 'https://api.fontshare.com/v2/css?f[]=general-sans@400,500,600,700&display=swap' violates the following Content Security Policy directive: \"style-src 'self' 'unsafe-inline' https://fonts.googleapis.com\". Note that 'style-src-elem' was not explicitly set, so 'style-src' is use…"}
{"type":"request_failed","session":"admin","route":"/admin/brands","method":"GET","url":"https://api.fontshare.com/v2/css?f[]=general-sans@400,500,600,700&display=swap","text":"csp"}
{"type":"console_error","session":"admin","route":"/admin/orders","text":"Loading the stylesheet 'https://api.fontshare.com/v2/css?f[]=general-sans@400,500,600,700&display=swap' violates the following Content Security Policy directive: \"style-src 'self' 'unsafe-inline' https://fonts.googleapis.com\". Note that 'style-src-elem' was not explicitly set, so 'style-src' is use…"}
{"type":"request_failed","session":"admin","route":"/admin/orders","method":"GET","url":"https://api.fontshare.com/v2/css?f[]=general-sans@400,500,600,700&display=swap","text":"csp"}
{"type":"console_error","session":"admin","route":"/admin/market-signals","text":"Loading the stylesheet 'https://api.fontshare.com/v2/css?f[]=general-sans@400,500,600,700&display=swap' violates the following Content Security Policy directive: \"style-src 'self' 'unsafe-inline' https://fonts.googleapis.com\". Note that 'style-src-elem' was not explicitly set, so 'style-src' is use…"}
{"type":"request_failed","session":"admin","route":"/admin/market-signals","method":"GET","url":"https://api.fontshare.com/v2/css?f[]=general-sans@400,500,600,700&display=swap","text":"csp"}
{"type":"console_error","session":"admin","route":"/admin/intelligence","text":"Loading the stylesheet 'https://api.fontshare.com/v2/css?f[]=general-sans@400,500,600,700&display=swap' violates the following Content Security Policy directive: \"style-src 'self' 'unsafe-inline' https://fonts.googleapis.com\". Note that 'style-src-elem' was not explicitly set, so 'style-src' is use…"}
{"type":"request_failed","session":"admin","route":"/admin/intelligence","method":"GET","url":"https://api.fontshare.com/v2/css?f[]=general-sans@400,500,600,700&display=swap","text":"csp"}
{"type":"console_error","session":"admin","route":"/admin/crm","text":"Loading the stylesheet 'https://api.fontshare.com/v2/css?f[]=general-sans@400,500,600,700&display=swap' violates the following Content Security Policy directive: \"style-src 'self' 'unsafe-inline' https://fonts.googleapis.com\". Note that 'style-src-elem' was not explicitly set, so 'style-src' is use…"}
{"type":"request_failed","session":"admin","route":"/admin/crm","method":"GET","url":"https://api.fontshare.com/v2/css?f[]=general-sans@400,500,600,700&display=swap","text":"csp"}
{"type":"console_error","session":"admin","route":"/admin/sales","text":"Loading the stylesheet 'https://api.fontshare.com/v2/css?f[]=general-sans@400,500,600,700&display=swap' violates the following Content Security Policy directive: \"style-src 'self' 'unsafe-inline' https://fonts.googleapis.com\". Note that 'style-src-elem' was not explicitly set, so 'style-src' is use…"}
{"type":"request_failed","session":"admin","route":"/admin/sales","method":"GET","url":"https://api.fontshare.com/v2/css?f[]=general-sans@400,500,600,700&display=swap","text":"csp"}
{"type":"console_error","session":"admin","route":"/admin/editorial","text":"Loading the stylesheet 'https://api.fontshare.com/v2/css?f[]=general-sans@400,500,600,700&display=swap' violates the following Content Security Policy directive: \"style-src 'self' 'unsafe-inline' https://fonts.googleapis.com\". Note that 'style-src-elem' was not explicitly set, so 'style-src' is use…"}
{"type":"request_failed","session":"admin","route":"/admin/editorial","method":"GET","url":"https://api.fontshare.com/v2/css?f[]=general-sans@400,500,600,700&display=swap","text":"csp"}
{"type":"console_error","session":"admin","route":"/admin/feeds","text":"Loading the stylesheet 'https://api.fontshare.com/v2/css?f[]=general-sans@400,500,600,700&display=swap' violates the following Content Security Policy directive: \"style-src 'self' 'unsafe-inline' https://fonts.googleapis.com\". Note that 'style-src-elem' was not explicitly set, so 'style-src' is use…"}
{"type":"request_failed","session":"admin","route":"/admin/feeds","method":"GET","url":"https://api.fontshare.com/v2/css?f[]=general-sans@400,500,600,700&display=swap","text":"csp"}
{"type":"console_error","session":"admin","route":"/admin/blog","text":"Loading the stylesheet 'https://api.fontshare.com/v2/css?f[]=general-sans@400,500,600,700&display=swap' violates the following Content Security Policy directive: \"style-src 'self' 'unsafe-inline' https://fonts.googleapis.com\". Note that 'style-src-elem' was not explicitly set, so 'style-src' is use…"}
{"type":"request_failed","session":"admin","route":"/admin/blog","method":"GET","url":"https://api.fontshare.com/v2/css?f[]=general-sans@400,500,600,700&display=swap","text":"csp"}
{"type":"console_error","session":"admin","route":"/admin/education","text":"Loading the stylesheet 'https://api.fontshare.com/v2/css?f[]=general-sans@400,500,600,700&display=swap' violates the following Content Security Policy directive: \"style-src 'self' 'unsafe-inline' https://fonts.googleapis.com\". Note that 'style-src-elem' was not explicitly set, so 'style-src' is use…"}
{"type":"request_failed","session":"admin","route":"/admin/education","method":"GET","url":"https://api.fontshare.com/v2/css?f[]=general-sans@400,500,600,700&display=swap","text":"csp"}
{"type":"console_error","session":"admin","route":"/admin/ingredients","text":"Loading the stylesheet 'https://api.fontshare.com/v2/css?f[]=general-sans@400,500,600,700&display=swap' violates the following Content Security Policy directive: \"style-src 'self' 'unsafe-inline' https://fonts.googleapis.com\". Note that 'style-src-elem' was not explicitly set, so 'style-src' is use…"}
{"type":"request_failed","session":"admin","route":"/admin/ingredients","method":"GET","url":"https://api.fontshare.com/v2/css?f[]=general-sans@400,500,600,700&display=swap","text":"csp"}
{"type":"console_error","session":"admin","route":"/admin/cms","text":"Loading the stylesheet 'https://api.fontshare.com/v2/css?f[]=general-sans@400,500,600,700&display=swap' violates the following Content Security Policy directive: \"style-src 'self' 'unsafe-inline' https://fonts.googleapis.com\". Note that 'style-src-elem' was not explicitly set, so 'style-src' is use…"}
{"type":"request_failed","session":"admin","route":"/admin/cms","method":"GET","url":"https://api.fontshare.com/v2/css?f[]=general-sans@400,500,600,700&display=swap","text":"csp"}
{"type":"console_error","session":"admin","route":"/admin/shop","text":"Loading the stylesheet 'https://api.fontshare.com/v2/css?f[]=general-sans@400,500,600,700&display=swap' violates the following Content Security Policy directive: \"style-src 'self' 'unsafe-inline' https://fonts.googleapis.com\". Note that 'style-src-elem' was not explicitly set, so 'style-src' is use…"}
{"type":"request_failed","session":"admin","route":"/admin/shop","method":"GET","url":"https://api.fontshare.com/v2/css?f[]=general-sans@400,500,600,700&display=swap","text":"csp"}
{"type":"console_error","session":"admin","route":"/admin/subscriptions","text":"Loading the stylesheet 'https://api.fontshare.com/v2/css?f[]=general-sans@400,500,600,700&display=swap' violates the following Content Security Policy directive: \"style-src 'self' 'unsafe-inline' https://fonts.googleapis.com\". Note that 'style-src-elem' was not explicitly set, so 'style-src' is use…"}
{"type":"request_failed","session":"admin","route":"/admin/subscriptions","method":"GET","url":"https://api.fontshare.com/v2/css?f[]=general-sans@400,500,600,700&display=swap","text":"csp"}
{"type":"console_error","session":"admin","route":"/admin/feature-flags","text":"Loading the stylesheet 'https://api.fontshare.com/v2/css?f[]=general-sans@400,500,600,700&display=swap' violates the following Content Security Policy directive: \"style-src 'self' 'unsafe-inline' https://fonts.googleapis.com\". Note that 'style-src-elem' was not explicitly set, so 'style-src' is use…"}
{"type":"request_failed","session":"admin","route":"/admin/feature-flags","method":"GET","url":"https://api.fontshare.com/v2/css?f[]=general-sans@400,500,600,700&display=swap","text":"csp"}
{"type":"console_error","session":"admin","route":"/admin/shell-detection","text":"Loading the stylesheet 'https://api.fontshare.com/v2/css?f[]=general-sans@400,500,600,700&display=swap' violates the following Content Security Policy directive: \"style-src 'self' 'unsafe-inline' https://fonts.googleapis.com\". Note that 'style-src-elem' was not explicitly set, so 'style-src' is use…"}
{"type":"request_failed","session":"admin","route":"/admin/shell-detection","method":"GET","url":"https://api.fontshare.com/v2/css?f[]=general-sans@400,500,600,700&display=swap","text":"csp"}
{"type":"console_error","session":"admin","route":"/admin/inventory-report","text":"Loading the stylesheet 'https://api.fontshare.com/v2/css?f[]=general-sans@400,500,600,700&display=swap' violates the following Content Security Policy directive: \"style-src 'self' 'unsafe-inline' https://fonts.googleapis.com\". Note that 'style-src-elem' was not explicitly set, so 'style-src' is use…"}
{"type":"request_failed","session":"admin","route":"/admin/inventory-report","method":"GET","url":"https://api.fontshare.com/v2/css?f[]=general-sans@400,500,600,700&display=swap","text":"csp"}
{"type":"console_error","session":"admin","route":"/admin","text":"Loading the stylesheet 'https://api.fontshare.com/v2/css?f[]=general-sans@400,500,600,700&display=swap' violates the following Content Security Policy directive: \"style-src 'self' 'unsafe-inline' https://fonts.googleapis.com\". Note that 'style-src-elem' was not explicitly set, so 'style-src' is use…"}
{"type":"request_failed","session":"admin","route":"/admin","method":"GET","url":"https://api.fontshare.com/v2/css?f[]=general-sans@400,500,600,700&display=swap","text":"csp"}
{"type":"console_error","session":"admin","route":"/admin/account","text":"Loading the stylesheet 'https://api.fontshare.com/v2/css?f[]=general-sans@400,500,600,700&display=swap' violates the following Content Security Policy directive: \"style-src 'self' 'unsafe-inline' https://fonts.googleapis.com\". Note that 'style-src-elem' was not explicitly set, so 'style-src' is use…"}
{"type":"request_failed","session":"admin","route":"/admin/account","method":"GET","url":"https://api.fontshare.com/v2/css?f[]=general-sans@400,500,600,700&display=swap","text":"csp"}
{"type":"console_error","session":"admin","route":"/admin/account","text":"Failed to load resource: the server responded with a status of 408 (Offline)"}
{"type":"request_failed","session":"admin","route":"/admin/account","method":"GET","url":"https://fonts.gstatic.com/s/jetbrainsmono/v24/tDbv2o-flEEny0FZhsfKu5WU4zr3E_BX0PnT8RD8yKwBNntkaToggR7BYRbKPxDcwgknk-4.woff2","text":"net::ERR_ABORTED"}
{"type":"console_error","session":"admin","route":"/admin/account","text":"Loading the stylesheet 'https://api.fontshare.com/v2/css?f[]=general-sans@400,500,600,700&display=swap' violates the following Content Security Policy directive: \"style-src 'self' 'unsafe-inline' https://fonts.googleapis.com\". Note that 'style-src-elem' was not explicitly set, so 'style-src' is use…"}
{"type":"request_failed","session":"admin","route":"/admin/account","method":"GET","url":"https://api.fontshare.com/v2/css?f[]=general-sans@400,500,600,700&display=swap","text":"csp"}
{"type":"console_error","session":"admin","route":"/admin/account","text":"Failed to load resource: the server responded with a status of 408 (Offline)"}
{"type":"request_failed","session":"admin","route":"/admin/account","method":"GET","url":"https://fonts.gstatic.com/s/jetbrainsmono/v24/tDbv2o-flEEny0FZhsfKu5WU4zr3E_BX0PnT8RD8yKwBNntkaToggR7BYRbKPxDcwgknk-4.woff2","text":"net::ERR_ABORTED"}
{"type":"console_error","session":"admin","route":"/admin/account","text":"Loading the stylesheet 'https://api.fontshare.com/v2/css?f[]=general-sans@400,500,600,700&display=swap' violates the following Content Security Policy directive: \"style-src 'self' 'unsafe-inline' https://fonts.googleapis.com\". Note that 'style-src-elem' was not explicitly set, so 'style-src' is use…"}
{"type":"request_failed","session":"admin","route":"/admin/account","method":"GET","url":"https://api.fontshare.com/v2/css?f[]=general-sans@400,500,600,700&display=swap","text":"csp"}
{"type":"console_error","session":"admin","route":"/admin/account","text":"Failed to load resource: the server responded with a status of 408 (Offline)"}
{"type":"request_failed","session":"admin","route":"/admin/account","method":"GET","url":"https://fonts.gstatic.com/s/jetbrainsmono/v24/tDbv2o-flEEny0FZhsfKu5WU4zr3E_BX0PnT8RD8yKwBNntkaToggR7BYRbKPxDcwgknk-4.woff2","text":"net::ERR_ABORTED"}
{"type":"console_error","session":"admin","route":"/admin/advisor","text":"Loading the stylesheet 'https://api.fontshare.com/v2/css?f[]=general-sans@400,500,600,700&display=swap' violates the following Content Security Policy directive: \"style-src 'self' 'unsafe-inline' https://fonts.googleapis.com\". Note that 'style-src-elem' was not explicitly set, so 'style-src' is use…"}
{"type":"request_failed","session":"admin","route":"/admin/advisor","method":"GET","url":"https://api.fontshare.com/v2/css?f[]=general-sans@400,500,600,700&display=swap","text":"csp"}
{"type":"console_error","session":"admin","route":"/admin/advisor","text":"Failed to load resource: the server responded with a status of 408 (Offline)"}
{"type":"request_failed","session":"admin","route":"/admin/advisor","method":"GET","url":"https://fonts.gstatic.com/s/jetbrainsmono/v24/tDbv2o-flEEny0FZhsfKu5WU4zr3E_BX0PnT8RD8yKwBNntkaToggR7BYRbKPxDcwgknk-4.woff2","text":"net::ERR_ABORTED"}
{"type":"console_error","session":"admin","route":"/admin/advisor","text":"Loading the stylesheet 'https://api.fontshare.com/v2/css?f[]=general-sans@400,500,600,700&display=swap' violates the following Content Security Policy directive: \"style-src 'self' 'unsafe-inline' https://fonts.googleapis.com\". Note that 'style-src-elem' was not explicitly set, so 'style-src' is use…"}
{"type":"request_failed","session":"admin","route":"/admin/advisor","method":"GET","url":"https://api.fontshare.com/v2/css?f[]=general-sans@400,500,600,700&display=swap","text":"csp"}
{"type":"console_error","session":"admin","route":"/admin/advisor","text":"Failed to load resource: the server responded with a status of 408 (Offline)"}
{"type":"request_failed","session":"admin","route":"/admin/advisor","method":"GET","url":"https://fonts.gstatic.com/s/jetbrainsmono/v24/tDbv2o-flEEny0FZhsfKu5WU4zr3E_BX0PnT8RD8yKwBNntkaToggR7BYRbKPxDcwgknk-4.woff2","text":"net::ERR_ABORTED"}
{"type":"console_error","session":"admin","route":"/admin/advisor","text":"Loading the stylesheet 'https://api.fontshare.com/v2/css?f[]=general-sans@400,500,600,700&display=swap' violates the following Content Security Policy directive: \"style-src 'self' 'unsafe-inline' https://fonts.googleapis.com\". Note that 'style-src-elem' was not explicitly set, so 'style-src' is use…"}
{"type":"request_failed","session":"admin","route":"/admin/advisor","method":"GET","url":"https://api.fontshare.com/v2/css?f[]=general-sans@400,500,600,700&display=swap","text":"csp"}
{"type":"console_error","session":"admin","route":"/admin/advisor","text":"Failed to load resource: the server responded with a status of 408 (Offline)"}
{"type":"request_failed","session":"admin","route":"/admin/advisor","method":"GET","url":"https://fonts.gstatic.com/s/jetbrainsmono/v24/tDbv2o-flEEny0FZhsfKu5WU4zr3E_BX0PnT8RD8yKwBNntkaToggR7BYRbKPxDcwgknk-4.woff2","text":"net::ERR_ABORTED"}
{"type":"console_error","session":"admin","route":"/admin/affiliates","text":"Loading the stylesheet 'https://api.fontshare.com/v2/css?f[]=general-sans@400,500,600,700&display=swap' violates the following Content Security Policy directive: \"style-src 'self' 'unsafe-inline' https://fonts.googleapis.com\". Note that 'style-src-elem' was not explicitly set, so 'style-src' is use…"}
{"type":"request_failed","session":"admin","route":"/admin/affiliates","method":"GET","url":"https://api.fontshare.com/v2/css?f[]=general-sans@400,500,600,700&display=swap","text":"csp"}
{"type":"console_error","session":"admin","route":"/admin/affiliates/links","text":"Loading the stylesheet 'https://api.fontshare.com/v2/css?f[]=general-sans@400,500,600,700&display=swap' violates the following Content Security Policy directive: \"style-src 'self' 'unsafe-inline' https://fonts.googleapis.com\". Note that 'style-src-elem' was not explicitly set, so 'style-src' is use…"}
{"type":"request_failed","session":"admin","route":"/admin/affiliates/links","method":"GET","url":"https://api.fontshare.com/v2/css?f[]=general-sans@400,500,600,700&display=swap","text":"csp"}
{"type":"console_error","session":"admin","route":"/admin/affiliates/links","text":"Failed to load resource: the server responded with a status of 408 (Offline)"}
{"type":"request_failed","session":"admin","route":"/admin/affiliates/links","method":"GET","url":"https://fonts.gstatic.com/s/jetbrainsmono/v24/tDbv2o-flEEny0FZhsfKu5WU4zr3E_BX0PnT8RD8yKwBNntkaToggR7BYRbKPxDcwgknk-4.woff2","text":"net::ERR_ABORTED"}
{"type":"console_error","session":"admin","route":"/admin/affiliates/links","text":"Loading the stylesheet 'https://api.fontshare.com/v2/css?f[]=general-sans@400,500,600,700&display=swap' violates the following Content Security Policy directive: \"style-src 'self' 'unsafe-inline' https://fonts.googleapis.com\". Note that 'style-src-elem' was not explicitly set, so 'style-src' is use…"}
{"type":"request_failed","session":"admin","route":"/admin/affiliates/links","method":"GET","url":"https://api.fontshare.com/v2/css?f[]=general-sans@400,500,600,700&display=swap","text":"csp"}
{"type":"console_error","session":"admin","route":"/admin/affiliates/links","text":"Failed to load resource: the server responded with a status of 408 (Offline)"}
{"type":"request_failed","session":"admin","route":"/admin/affiliates/links","method":"GET","url":"https://fonts.gstatic.com/s/jetbrainsmono/v24/tDbv2o-flEEny0FZhsfKu5WU4zr3E_BX0PnT8RD8yKwBNntkaToggR7BYRbKPxDcwgknk-4.woff2","text":"net::ERR_ABORTED"}
{"type":"console_error","session":"admin","route":"/admin/affiliates/links","text":"Loading the stylesheet 'https://api.fontshare.com/v2/css?f[]=general-sans@400,500,600,700&display=swap' violates the following Content Security Policy directive: \"style-src 'self' 'unsafe-inline' https://fonts.googleapis.com\". Note that 'style-src-elem' was not explicitly set, so 'style-src' is use…"}
{"type":"request_failed","session":"admin","route":"/admin/affiliates/links","method":"GET","url":"https://api.fontshare.com/v2/css?f[]=general-sans@400,500,600,700&display=swap","text":"csp"}
{"type":"console_error","session":"admin","route":"/admin/affiliates/links","text":"Failed to load resource: the server responded with a status of 408 (Offline)"}
{"type":"request_failed","session":"admin","route":"/admin/affiliates/links","method":"GET","url":"https://fonts.gstatic.com/s/jetbrainsmono/v24/tDbv2o-flEEny0FZhsfKu5WU4zr3E_BX0PnT8RD8yKwBNntkaToggR7BYRbKPxDcwgknk-4.woff2","text":"net::ERR_ABORTED"}
{"type":"console_error","session":"admin","route":"/admin/analytics","text":"Loading the stylesheet 'https://api.fontshare.com/v2/css?f[]=general-sans@400,500,600,700&display=swap' violates the following Content Security Policy directive: \"style-src 'self' 'unsafe-inline' https://fonts.googleapis.com\". Note that 'style-src-elem' was not explicitly set, so 'style-src' is use…"}
{"type":"request_failed","session":"admin","route":"/admin/analytics","method":"GET","url":"https://api.fontshare.com/v2/css?f[]=general-sans@400,500,600,700&display=swap","text":"csp"}
{"type":"console_error","session":"admin","route":"/admin/analytics","text":"Failed to load resource: the server responded with a status of 408 (Offline)"}
{"type":"request_failed","session":"admin","route":"/admin/analytics","method":"GET","url":"https://fonts.gstatic.com/s/jetbrainsmono/v24/tDbv2o-flEEny0FZhsfKu5WU4zr3E_BX0PnT8RD8yKwBNntkaToggR7BYRbKPxDcwgknk-4.woff2","text":"net::ERR_ABORTED"}
{"type":"console_error","session":"admin","route":"/admin/analytics","text":"Loading the stylesheet 'https://api.fontshare.com/v2/css?f[]=general-sans@400,500,600,700&display=swap' violates the following Content Security Policy directive: \"style-src 'self' 'unsafe-inline' https://fonts.googleapis.com\". Note that 'style-src-elem' was not explicitly set, so 'style-src' is use…"}
{"type":"request_failed","session":"admin","route":"/admin/analytics","method":"GET","url":"https://api.fontshare.com/v2/css?f[]=general-sans@400,500,600,700&display=swap","text":"csp"}
{"type":"console_error","session":"admin","route":"/admin/analytics","text":"Failed to load resource: the server responded with a status of 408 (Offline)"}
{"type":"request_failed","session":"admin","route":"/admin/analytics","method":"GET","url":"https://fonts.gstatic.com/s/jetbrainsmono/v24/tDbv2o-flEEny0FZhsfKu5WU4zr3E_BX0PnT8RD8yKwBNntkaToggR7BYRbKPxDcwgknk-4.woff2","text":"net::ERR_ABORTED"}
{"type":"console_error","session":"admin","route":"/admin/analytics","text":"Loading the stylesheet 'https://api.fontshare.com/v2/css?f[]=general-sans@400,500,600,700&display=swap' violates the following Content Security Policy directive: \"style-src 'self' 'unsafe-inline' https://fonts.googleapis.com\". Note that 'style-src-elem' was not explicitly set, so 'style-src' is use…"}
{"type":"request_failed","session":"admin","route":"/admin/analytics","method":"GET","url":"https://api.fontshare.com/v2/css?f[]=general-sans@400,500,600,700&display=swap","text":"csp"}
{"type":"console_error","session":"admin","route":"/admin/analytics","text":"Failed to load resource: the server responded with a status of 408 (Offline)"}
{"type":"request_failed","session":"admin","route":"/admin/analytics","method":"GET","url":"https://fonts.gstatic.com/s/jetbrainsmono/v24/tDbv2o-flEEny0FZhsfKu5WU4zr3E_BX0PnT8RD8yKwBNntkaToggR7BYRbKPxDcwgknk-4.woff2","text":"net::ERR_ABORTED"}
